  [1m[35m (3.1ms)[0m  [1m[35mCREATE TABLE "schema_migrations" ("version" varchar NOT NULL PRIMARY KEY)[0m
  [1m[35m (4.1ms)[0m  [1m[35mCREATE TABLE "ar_internal_metadata" ("key" varchar NOT NULL PRIMARY KEY, "value" varchar, "created_at" datetime NOT NULL, "updated_at" datetime NOT NULL)[0m
  [1m[36mActiveRecord::SchemaMigration Load (0.2ms)[0m  [1m[34mSELECT "schema_migrations".* FROM "schema_migrations"[0m
Migrating to DeviseCreateUsers (20180222113822)
  [1m[36mActiveRecord::SchemaMigration Load (2.2ms)[0m  [1m[34mSELECT "schema_migrations".* FROM "schema_migrations"[0m
Migrating to DeviseCreateUsers (20180222113822)
  [1m[35m (0.1ms)[0m  [1m[36mbegin transaction[0m
  [1m[35m (0.7ms)[0m  [1m[35mCREATE TABLE "users" ("id" INTEGER PRIMARY KEY AUTOINCREMENT NOT NULL, "first_name" varchar, "last_name" varchar, "address_line_1" varchar, "dob" datetime, "email" varchar DEFAULT '' NOT NULL, "encrypted_password" varchar DEFAULT '' NOT NULL, "reset_password_token" varchar, "reset_password_sent_at" datetime, "remember_created_at" datetime, "sign_in_count" integer DEFAULT 0 NOT NULL, "current_sign_in_at" datetime, "last_sign_in_at" datetime, "current_sign_in_ip" varchar, "last_sign_in_ip" varchar, "created_at" datetime NOT NULL, "updated_at" datetime NOT NULL)[0m
  [1m[35m (0.1ms)[0m  [1m[34mselect sqlite_version(*)[0m
  [1m[35m (0.2ms)[0m  [1m[35mCREATE UNIQUE INDEX "index_users_on_email" ON "users" ("email")[0m
  [1m[35m (0.1ms)[0m  [1m[34m            SELECT sql
            FROM sqlite_master
            WHERE name='index_users_on_email' AND type='index'
            UNION ALL
            SELECT sql
            FROM sqlite_temp_master
            WHERE name='index_users_on_email' AND type='index'
[0m
  [1m[35m (0.3ms)[0m  [1m[35mCREATE UNIQUE INDEX "index_users_on_reset_password_token" ON "users" ("reset_password_token")[0m
  [1m[35mSQL (0.4ms)[0m  [1m[32mINSERT INTO "schema_migrations" ("version") VALUES (?)[0m  [["version", "20180222113822"]]
  [1m[35m (1.6ms)[0m  [1m[36mcommit transaction[0m
  [1m[36mActiveRecord::InternalMetadata Load (0.4ms)[0m  [1m[34mSELECT  "ar_internal_metadata".* FROM "ar_internal_metadata" WHERE "ar_internal_metadata"."key" = ? LIMIT ?[0m  [["key", "environment"], ["LIMIT", 1]]
  [1m[35m (0.1ms)[0m  [1m[36mbegin transaction[0m
  [1m[35mSQL (0.6ms)[0m  [1m[32mINSERT INTO "ar_internal_metadata" ("key", "value", "created_at", "updated_at") VALUES (?, ?, ?, ?)[0m  [["key", "environment"], ["value", "development"], ["created_at", "2018-02-22 11:46:55.252999"], ["updated_at", "2018-02-22 11:46:55.252999"]]
  [1m[35m (4.1ms)[0m  [1m[36mcommit transaction[0m
  [1m[36mActiveRecord::SchemaMigration Load (0.4ms)[0m  [1m[34mSELECT "schema_migrations".* FROM "schema_migrations"[0m
  [1m[35m (0.2ms)[0m  [1m[34m            SELECT sql
            FROM sqlite_master
            WHERE name='index_users_on_reset_password_token' AND type='index'
            UNION ALL
            SELECT sql
            FROM sqlite_temp_master
            WHERE name='index_users_on_reset_password_token' AND type='index'
[0m
  [1m[35m (0.2ms)[0m  [1m[34m            SELECT sql
            FROM sqlite_master
            WHERE name='index_users_on_email' AND type='index'
            UNION ALL
            SELECT sql
            FROM sqlite_temp_master
            WHERE name='index_users_on_email' AND type='index'
[0m
  [1m[36mActiveRecord::SchemaMigration Load (2.3ms)[0m  [1m[34mSELECT "schema_migrations".* FROM "schema_migrations"[0m
Migrating to CreateTransfers (20180222115355)
  [1m[35m (0.2ms)[0m  [1m[36mbegin transaction[0m
  [1m[35m (0.8ms)[0m  [1m[35mCREATE TABLE "transfers" ("id" INTEGER PRIMARY KEY AUTOINCREMENT NOT NULL, "account_number_from" varchar, "account_number_to" varchar, "amount_pennies" integer, "country_code_from" varchar, "country_code_to" varchar)[0m
  [1m[35mSQL (0.4ms)[0m  [1m[32mINSERT INTO "schema_migrations" ("version") VALUES (?)[0m  [["version", "20180222115355"]]
  [1m[35m (2.0ms)[0m  [1m[36mcommit transaction[0m
  [1m[36mActiveRecord::InternalMetadata Load (0.4ms)[0m  [1m[34mSELECT  "ar_internal_metadata".* FROM "ar_internal_metadata" WHERE "ar_internal_metadata"."key" = ? LIMIT ?[0m  [["key", "environment"], ["LIMIT", 1]]
  [1m[35m (0.2ms)[0m  [1m[36mbegin transaction[0m
  [1m[35m (0.1ms)[0m  [1m[36mcommit transaction[0m
  [1m[36mActiveRecord::SchemaMigration Load (0.1ms)[0m  [1m[34mSELECT "schema_migrations".* FROM "schema_migrations"[0m
  [1m[35m (0.2ms)[0m  [1m[34m            SELECT sql
            FROM sqlite_master
            WHERE name='index_users_on_reset_password_token' AND type='index'
            UNION ALL
            SELECT sql
            FROM sqlite_temp_master
            WHERE name='index_users_on_reset_password_token' AND type='index'
[0m
  [1m[35m (0.7ms)[0m  [1m[34m            SELECT sql
            FROM sqlite_master
            WHERE name='index_users_on_email' AND type='index'
            UNION ALL
            SELECT sql
            FROM sqlite_temp_master
            WHERE name='index_users_on_email' AND type='index'
[0m
Started GET "/" for 127.0.0.1 at 2018-02-22 12:06:29 +0000
  [1m[36mActiveRecord::SchemaMigration Load (1.0ms)[0m  [1m[34mSELECT "schema_migrations".* FROM "schema_migrations"[0m
Processing by Rails::WelcomeController#index as HTML
  Parameters: {"internal"=>true}
  Rendering /Users/David/.rvm/gems/ruby-2.3.3/gems/railties-5.0.6/lib/rails/templates/rails/welcome/index.html.erb
  Rendered /Users/David/.rvm/gems/ruby-2.3.3/gems/railties-5.0.6/lib/rails/templates/rails/welcome/index.html.erb (9.3ms)
Completed 200 OK in 43ms (Views: 24.9ms | ActiveRecord: 0.0ms)


Started GET "/apidoc" for 127.0.0.1 at 2018-02-22 12:06:33 +0000
  
ActionController::RoutingError (No route matches [GET] "/apidoc"):
  
actionpack (5.0.6) lib/action_dispatch/middleware/debug_exceptions.rb:53:in `call'
web-console (3.5.1) lib/web_console/middleware.rb:135:in `call_app'
web-console (3.5.1) lib/web_console/middleware.rb:28:in `block in call'
web-console (3.5.1) lib/web_console/middleware.rb:18:in `catch'
web-console (3.5.1) lib/web_console/middleware.rb:18:in `call'
actionpack (5.0.6) lib/action_dispatch/middleware/show_exceptions.rb:31:in `call'
railties (5.0.6) lib/rails/rack/logger.rb:36:in `call_app'
railties (5.0.6) lib/rails/rack/logger.rb:24:in `block in call'
activesupport (5.0.6) lib/active_support/tagged_logging.rb:69:in `block in tagged'
activesupport (5.0.6) lib/active_support/tagged_logging.rb:26:in `tagged'
activesupport (5.0.6) lib/active_support/tagged_logging.rb:69:in `tagged'
railties (5.0.6) lib/rails/rack/logger.rb:24:in `call'
sprockets-rails (3.2.1) lib/sprockets/rails/quiet_assets.rb:13:in `call'
actionpack (5.0.6) lib/action_dispatch/middleware/request_id.rb:24:in `call'
rack (2.0.4) lib/rack/method_override.rb:22:in `call'
rack (2.0.4) lib/rack/runtime.rb:22:in `call'
activesupport (5.0.6) lib/active_support/cache/strategy/local_cache_middleware.rb:28:in `call'
actionpack (5.0.6) lib/action_dispatch/middleware/executor.rb:12:in `call'
actionpack (5.0.6) lib/action_dispatch/middleware/static.rb:136:in `call'
rack (2.0.4) lib/rack/sendfile.rb:111:in `call'
railties (5.0.6) lib/rails/engine.rb:522:in `call'
puma (3.11.2) lib/puma/configuration.rb:225:in `call'
puma (3.11.2) lib/puma/server.rb:624:in `handle_request'
puma (3.11.2) lib/puma/server.rb:438:in `process_client'
puma (3.11.2) lib/puma/server.rb:302:in `block in run'
puma (3.11.2) lib/puma/thread_pool.rb:120:in `block in spawn_thread'
  Rendering /Users/David/.rvm/gems/ruby-2.3.3/gems/actionpack-5.0.6/lib/action_dispatch/middleware/templates/rescues/routing_error.html.erb within rescues/layout
  Rendering /Users/David/.rvm/gems/ruby-2.3.3/gems/actionpack-5.0.6/lib/action_dispatch/middleware/templates/rescues/_trace.html.erb
  Rendered /Users/David/.rvm/gems/ruby-2.3.3/gems/actionpack-5.0.6/lib/action_dispatch/middleware/templates/rescues/_trace.html.erb (1.5ms)
  Rendered collection of /Users/David/.rvm/gems/ruby-2.3.3/gems/actionpack-5.0.6/lib/action_dispatch/middleware/templates/routes/_route.html.erb [17 times] (19.7ms)
  Rendered /Users/David/.rvm/gems/ruby-2.3.3/gems/actionpack-5.0.6/lib/action_dispatch/middleware/templates/routes/_table.html.erb (29.0ms)
  Rendering /Users/David/.rvm/gems/ruby-2.3.3/gems/actionpack-5.0.6/lib/action_dispatch/middleware/templates/rescues/_request_and_response.html.erb
  Rendered /Users/David/.rvm/gems/ruby-2.3.3/gems/actionpack-5.0.6/lib/action_dispatch/middleware/templates/rescues/_request_and_response.html.erb (1.2ms)
  Rendered /Users/David/.rvm/gems/ruby-2.3.3/gems/actionpack-5.0.6/lib/action_dispatch/middleware/templates/rescues/routing_error.html.erb within rescues/layout (177.3ms)
Started GET "/apidocs" for 127.0.0.1 at 2018-02-22 12:06:38 +0000
  
ActionController::RoutingError (No route matches [GET] "/apidocs"):
  
actionpack (5.0.6) lib/action_dispatch/middleware/debug_exceptions.rb:53:in `call'
web-console (3.5.1) lib/web_console/middleware.rb:135:in `call_app'
web-console (3.5.1) lib/web_console/middleware.rb:28:in `block in call'
web-console (3.5.1) lib/web_console/middleware.rb:18:in `catch'
web-console (3.5.1) lib/web_console/middleware.rb:18:in `call'
actionpack (5.0.6) lib/action_dispatch/middleware/show_exceptions.rb:31:in `call'
railties (5.0.6) lib/rails/rack/logger.rb:36:in `call_app'
railties (5.0.6) lib/rails/rack/logger.rb:24:in `block in call'
activesupport (5.0.6) lib/active_support/tagged_logging.rb:69:in `block in tagged'
activesupport (5.0.6) lib/active_support/tagged_logging.rb:26:in `tagged'
activesupport (5.0.6) lib/active_support/tagged_logging.rb:69:in `tagged'
railties (5.0.6) lib/rails/rack/logger.rb:24:in `call'
sprockets-rails (3.2.1) lib/sprockets/rails/quiet_assets.rb:13:in `call'
actionpack (5.0.6) lib/action_dispatch/middleware/request_id.rb:24:in `call'
rack (2.0.4) lib/rack/method_override.rb:22:in `call'
rack (2.0.4) lib/rack/runtime.rb:22:in `call'
activesupport (5.0.6) lib/active_support/cache/strategy/local_cache_middleware.rb:28:in `call'
actionpack (5.0.6) lib/action_dispatch/middleware/executor.rb:12:in `call'
actionpack (5.0.6) lib/action_dispatch/middleware/static.rb:136:in `call'
rack (2.0.4) lib/rack/sendfile.rb:111:in `call'
railties (5.0.6) lib/rails/engine.rb:522:in `call'
puma (3.11.2) lib/puma/configuration.rb:225:in `call'
puma (3.11.2) lib/puma/server.rb:624:in `handle_request'
puma (3.11.2) lib/puma/server.rb:438:in `process_client'
puma (3.11.2) lib/puma/server.rb:302:in `block in run'
puma (3.11.2) lib/puma/thread_pool.rb:120:in `block in spawn_thread'
  Rendering /Users/David/.rvm/gems/ruby-2.3.3/gems/actionpack-5.0.6/lib/action_dispatch/middleware/templates/rescues/routing_error.html.erb within rescues/layout
  Rendering /Users/David/.rvm/gems/ruby-2.3.3/gems/actionpack-5.0.6/lib/action_dispatch/middleware/templates/rescues/_trace.html.erb
  Rendered /Users/David/.rvm/gems/ruby-2.3.3/gems/actionpack-5.0.6/lib/action_dispatch/middleware/templates/rescues/_trace.html.erb (1.1ms)
  Rendered collection of /Users/David/.rvm/gems/ruby-2.3.3/gems/actionpack-5.0.6/lib/action_dispatch/middleware/templates/routes/_route.html.erb [17 times] (5.7ms)
  Rendered /Users/David/.rvm/gems/ruby-2.3.3/gems/actionpack-5.0.6/lib/action_dispatch/middleware/templates/routes/_table.html.erb (1.1ms)
  Rendering /Users/David/.rvm/gems/ruby-2.3.3/gems/actionpack-5.0.6/lib/action_dispatch/middleware/templates/rescues/_request_and_response.html.erb
  Rendered /Users/David/.rvm/gems/ruby-2.3.3/gems/actionpack-5.0.6/lib/action_dispatch/middleware/templates/rescues/_request_and_response.html.erb (1.1ms)
  Rendered /Users/David/.rvm/gems/ruby-2.3.3/gems/actionpack-5.0.6/lib/action_dispatch/middleware/templates/rescues/routing_error.html.erb within rescues/layout (81.4ms)
Started GET "/apidocs" for 127.0.0.1 at 2018-02-22 12:07:11 +0000
  
NameError (uninitialized constant API::V1::Base):
  
app/api/api/base.rb:103:in `<class:Base>'
app/api/api/base.rb:4:in `<module:API>'
app/api/api/base.rb:3:in `<top (required)>'
config/routes.rb:3:in `block in <top (required)>'
config/routes.rb:1:in `<top (required)>'
  Rendering /Users/David/.rvm/gems/ruby-2.3.3/gems/actionpack-5.0.6/lib/action_dispatch/middleware/templates/rescues/diagnostics.html.erb within rescues/layout
  Rendering /Users/David/.rvm/gems/ruby-2.3.3/gems/actionpack-5.0.6/lib/action_dispatch/middleware/templates/rescues/_source.html.erb
  Rendered /Users/David/.rvm/gems/ruby-2.3.3/gems/actionpack-5.0.6/lib/action_dispatch/middleware/templates/rescues/_source.html.erb (4.0ms)
  Rendering /Users/David/.rvm/gems/ruby-2.3.3/gems/actionpack-5.0.6/lib/action_dispatch/middleware/templates/rescues/_trace.html.erb
  Rendered /Users/David/.rvm/gems/ruby-2.3.3/gems/actionpack-5.0.6/lib/action_dispatch/middleware/templates/rescues/_trace.html.erb (3.6ms)
  Rendering /Users/David/.rvm/gems/ruby-2.3.3/gems/actionpack-5.0.6/lib/action_dispatch/middleware/templates/rescues/_request_and_response.html.erb
  Rendered /Users/David/.rvm/gems/ruby-2.3.3/gems/actionpack-5.0.6/lib/action_dispatch/middleware/templates/rescues/_request_and_response.html.erb (1.3ms)
  Rendered /Users/David/.rvm/gems/ruby-2.3.3/gems/actionpack-5.0.6/lib/action_dispatch/middleware/templates/rescues/diagnostics.html.erb within rescues/layout (79.1ms)
Started GET "/apidocs" for 127.0.0.1 at 2018-02-22 12:09:50 +0000
  [1m[36mActiveRecord::SchemaMigration Load (4.9ms)[0m  [1m[34mSELECT "schema_migrations".* FROM "schema_migrations"[0m
  
ActionController::RoutingError (No route matches [GET] "/apidocs"):
  
actionpack (5.0.6) lib/action_dispatch/middleware/debug_exceptions.rb:53:in `call'
web-console (3.5.1) lib/web_console/middleware.rb:135:in `call_app'
web-console (3.5.1) lib/web_console/middleware.rb:28:in `block in call'
web-console (3.5.1) lib/web_console/middleware.rb:18:in `catch'
web-console (3.5.1) lib/web_console/middleware.rb:18:in `call'
actionpack (5.0.6) lib/action_dispatch/middleware/show_exceptions.rb:31:in `call'
railties (5.0.6) lib/rails/rack/logger.rb:36:in `call_app'
railties (5.0.6) lib/rails/rack/logger.rb:24:in `block in call'
activesupport (5.0.6) lib/active_support/tagged_logging.rb:69:in `block in tagged'
activesupport (5.0.6) lib/active_support/tagged_logging.rb:26:in `tagged'
activesupport (5.0.6) lib/active_support/tagged_logging.rb:69:in `tagged'
railties (5.0.6) lib/rails/rack/logger.rb:24:in `call'
sprockets-rails (3.2.1) lib/sprockets/rails/quiet_assets.rb:13:in `call'
actionpack (5.0.6) lib/action_dispatch/middleware/request_id.rb:24:in `call'
rack (2.0.4) lib/rack/method_override.rb:22:in `call'
rack (2.0.4) lib/rack/runtime.rb:22:in `call'
activesupport (5.0.6) lib/active_support/cache/strategy/local_cache_middleware.rb:28:in `call'
actionpack (5.0.6) lib/action_dispatch/middleware/executor.rb:12:in `call'
actionpack (5.0.6) lib/action_dispatch/middleware/static.rb:136:in `call'
rack (2.0.4) lib/rack/sendfile.rb:111:in `call'
railties (5.0.6) lib/rails/engine.rb:522:in `call'
puma (3.11.2) lib/puma/configuration.rb:225:in `call'
puma (3.11.2) lib/puma/server.rb:624:in `handle_request'
puma (3.11.2) lib/puma/server.rb:438:in `process_client'
puma (3.11.2) lib/puma/server.rb:302:in `block in run'
puma (3.11.2) lib/puma/thread_pool.rb:120:in `block in spawn_thread'
  Rendering /Users/David/.rvm/gems/ruby-2.3.3/gems/actionpack-5.0.6/lib/action_dispatch/middleware/templates/rescues/routing_error.html.erb within rescues/layout
  Rendering /Users/David/.rvm/gems/ruby-2.3.3/gems/actionpack-5.0.6/lib/action_dispatch/middleware/templates/rescues/_trace.html.erb
  Rendered /Users/David/.rvm/gems/ruby-2.3.3/gems/actionpack-5.0.6/lib/action_dispatch/middleware/templates/rescues/_trace.html.erb (1.4ms)
  Rendered collection of /Users/David/.rvm/gems/ruby-2.3.3/gems/actionpack-5.0.6/lib/action_dispatch/middleware/templates/routes/_route.html.erb [19 times] (6.6ms)
  Rendered collection of /Users/David/.rvm/gems/ruby-2.3.3/gems/actionpack-5.0.6/lib/action_dispatch/middleware/templates/routes/_route.html.erb [1 times] (0.4ms)
  Rendered /Users/David/.rvm/gems/ruby-2.3.3/gems/actionpack-5.0.6/lib/action_dispatch/middleware/templates/routes/_table.html.erb (25.6ms)
  Rendering /Users/David/.rvm/gems/ruby-2.3.3/gems/actionpack-5.0.6/lib/action_dispatch/middleware/templates/rescues/_request_and_response.html.erb
  Rendered /Users/David/.rvm/gems/ruby-2.3.3/gems/actionpack-5.0.6/lib/action_dispatch/middleware/templates/rescues/_request_and_response.html.erb (26.7ms)
  Rendered /Users/David/.rvm/gems/ruby-2.3.3/gems/actionpack-5.0.6/lib/action_dispatch/middleware/templates/rescues/routing_error.html.erb within rescues/layout (193.1ms)
Started GET "/apidoc" for 127.0.0.1 at 2018-02-22 12:09:55 +0000
Processing by GrapeSwaggerRails::ApplicationController#index as HTML
  Rendering /Users/David/.rvm/gems/ruby-2.3.3/gems/grape-swagger-rails-0.3.0/app/views/grape_swagger_rails/application/index.html.erb
  Rendered /Users/David/.rvm/gems/ruby-2.3.3/gems/grape-swagger-rails-0.3.0/app/views/grape_swagger_rails/application/index.html.erb (911.7ms)
Completed 200 OK in 947ms (Views: 931.9ms | ActiveRecord: 0.0ms)


Started GET "/apidoc" for 127.0.0.1 at 2018-02-22 12:10:12 +0000
Processing by GrapeSwaggerRails::ApplicationController#index as HTML
  Rendering /Users/David/.rvm/gems/ruby-2.3.3/gems/grape-swagger-rails-0.3.0/app/views/grape_swagger_rails/application/index.html.erb
  Rendered /Users/David/.rvm/gems/ruby-2.3.3/gems/grape-swagger-rails-0.3.0/app/views/grape_swagger_rails/application/index.html.erb (55.0ms)
Completed 200 OK in 80ms (Views: 73.8ms | ActiveRecord: 0.0ms)


Started GET "/apidoc" for 127.0.0.1 at 2018-02-22 12:11:13 +0000
Processing by GrapeSwaggerRails::ApplicationController#index as HTML
  Rendering /Users/David/.rvm/gems/ruby-2.3.3/gems/grape-swagger-rails-0.3.0/app/views/grape_swagger_rails/application/index.html.erb
  Rendered /Users/David/.rvm/gems/ruby-2.3.3/gems/grape-swagger-rails-0.3.0/app/views/grape_swagger_rails/application/index.html.erb (185.2ms)
Completed 200 OK in 216ms (Views: 206.3ms | ActiveRecord: 0.0ms)


  [1m[35m (35.1ms)[0m  [1m[35mCREATE TABLE "schema_migrations" ("version" character varying PRIMARY KEY)[0m
  [1m[35m (18.4ms)[0m  [1m[35mCREATE TABLE "ar_internal_metadata" ("key" character varying PRIMARY KEY, "value" character varying, "created_at" timestamp NOT NULL, "updated_at" timestamp NOT NULL)[0m
  [1m[35m (0.5ms)[0m  [1m[34mSELECT pg_try_advisory_lock(1124963863048785165);[0m
  [1m[36mActiveRecord::SchemaMigration Load (0.8ms)[0m  [1m[34mSELECT "schema_migrations".* FROM "schema_migrations"[0m
Migrating to DeviseCreateUsers (20180222113822)
  [1m[35m (0.2ms)[0m  [1m[35mBEGIN[0m
  [1m[35m (21.1ms)[0m  [1m[35mCREATE TABLE "users" ("id" serial primary key, "first_name" character varying, "last_name" character varying, "address_line_1" character varying, "dob" timestamp, "email" character varying DEFAULT '' NOT NULL, "encrypted_password" character varying DEFAULT '' NOT NULL, "reset_password_token" character varying, "reset_password_sent_at" timestamp, "remember_created_at" timestamp, "sign_in_count" integer DEFAULT 0 NOT NULL, "current_sign_in_at" timestamp, "last_sign_in_at" timestamp, "current_sign_in_ip" character varying, "last_sign_in_ip" character varying, "created_at" timestamp NOT NULL, "updated_at" timestamp NOT NULL)[0m
  [1m[35m (2.7ms)[0m  [1m[35mCREATE UNIQUE INDEX  "index_users_on_email" ON "users"  ("email")[0m
  [1m[35m (3.0ms)[0m  [1m[35mCREATE UNIQUE INDEX  "index_users_on_reset_password_token" ON "users"  ("reset_password_token")[0m
  [1m[35mSQL (0.7ms)[0m  [1m[32mINSERT INTO "schema_migrations" ("version") VALUES ($1) RETURNING "version"[0m  [["version", "20180222113822"]]
  [1m[35m (2.1ms)[0m  [1m[35mCOMMIT[0m
Migrating to CreateTransfers (20180222115355)
  [1m[35m (6.2ms)[0m  [1m[35mBEGIN[0m
  [1m[35m (18.5ms)[0m  [1m[35mCREATE TABLE "transfers" ("id" serial primary key, "account_number_from" character varying, "account_number_to" character varying, "amount_pennies" integer, "country_code_from" character varying, "country_code_to" character varying)[0m
  [1m[35mSQL (0.3ms)[0m  [1m[32mINSERT INTO "schema_migrations" ("version") VALUES ($1) RETURNING "version"[0m  [["version", "20180222115355"]]
  [1m[35m (2.1ms)[0m  [1m[35mCOMMIT[0m
  [1m[36mActiveRecord::InternalMetadata Load (0.4ms)[0m  [1m[34mSELECT  "ar_internal_metadata".* FROM "ar_internal_metadata" WHERE "ar_internal_metadata"."key" = $1 LIMIT $2[0m  [["key", "environment"], ["LIMIT", 1]]
  [1m[35m (0.2ms)[0m  [1m[35mBEGIN[0m
  [1m[35mSQL (6.5ms)[0m  [1m[32mINSERT INTO "ar_internal_metadata" ("key", "value", "created_at", "updated_at") VALUES ($1, $2, $3, $4) RETURNING "key"[0m  [["key", "environment"], ["value", "development"], ["created_at", "2018-02-22 12:15:55.403830"], ["updated_at", "2018-02-22 12:15:55.403830"]]
  [1m[35m (5.7ms)[0m  [1m[35mCOMMIT[0m
  [1m[35m (0.6ms)[0m  [1m[34mSELECT pg_advisory_unlock(1124963863048785165)[0m
  [1m[36mActiveRecord::SchemaMigration Load (6.0ms)[0m  [1m[34mSELECT "schema_migrations".* FROM "schema_migrations"[0m
Started GET "/apidoc" for 127.0.0.1 at 2018-02-22 12:16:19 +0000
  [1m[36mActiveRecord::SchemaMigration Load (0.4ms)[0m  [1m[34mSELECT "schema_migrations".* FROM "schema_migrations"[0m
Processing by GrapeSwaggerRails::ApplicationController#index as HTML
  Rendering /Users/David/.rvm/gems/ruby-2.3.3/gems/grape-swagger-rails-0.3.0/app/views/grape_swagger_rails/application/index.html.erb
  Rendered /Users/David/.rvm/gems/ruby-2.3.3/gems/grape-swagger-rails-0.3.0/app/views/grape_swagger_rails/application/index.html.erb (537.9ms)
Completed 200 OK in 616ms (Views: 589.6ms | ActiveRecord: 0.0ms)


Started GET "/apidoc" for 127.0.0.1 at 2018-02-22 12:18:45 +0000
Processing by GrapeSwaggerRails::ApplicationController#index as HTML
  Rendering /Users/David/.rvm/gems/ruby-2.3.3/gems/grape-swagger-rails-0.3.0/app/views/grape_swagger_rails/application/index.html.erb
  Rendered /Users/David/.rvm/gems/ruby-2.3.3/gems/grape-swagger-rails-0.3.0/app/views/grape_swagger_rails/application/index.html.erb (165.7ms)
Completed 200 OK in 220ms (Views: 197.7ms | ActiveRecord: 0.0ms)


Started GET "/apidoc" for 127.0.0.1 at 2018-02-22 12:18:48 +0000
Processing by GrapeSwaggerRails::ApplicationController#index as HTML
  Rendering /Users/David/.rvm/gems/ruby-2.3.3/gems/grape-swagger-rails-0.3.0/app/views/grape_swagger_rails/application/index.html.erb
  Rendered /Users/David/.rvm/gems/ruby-2.3.3/gems/grape-swagger-rails-0.3.0/app/views/grape_swagger_rails/application/index.html.erb (60.6ms)
Completed 200 OK in 89ms (Views: 82.1ms | ActiveRecord: 0.0ms)


Started GET "/apidoc" for 127.0.0.1 at 2018-02-22 12:19:07 +0000
  [1m[36mActiveRecord::SchemaMigration Load (0.6ms)[0m  [1m[34mSELECT "schema_migrations".* FROM "schema_migrations"[0m
Processing by GrapeSwaggerRails::ApplicationController#index as HTML
  Rendering /Users/David/.rvm/gems/ruby-2.3.3/gems/grape-swagger-rails-0.3.0/app/views/grape_swagger_rails/application/index.html.erb
  Rendered /Users/David/.rvm/gems/ruby-2.3.3/gems/grape-swagger-rails-0.3.0/app/views/grape_swagger_rails/application/index.html.erb (584.2ms)
Completed 200 OK in 643ms (Views: 620.4ms | ActiveRecord: 0.0ms)


Started GET "/api/swagger_doc" for 127.0.0.1 at 2018-02-22 12:19:08 +0000
Started POST "/api/users" for 127.0.0.1 at 2018-02-22 12:19:52 +0000
Started POST "/api/users" for 127.0.0.1 at 2018-02-22 12:20:57 +0000
Started GET "/apidoc" for 127.0.0.1 at 2018-02-22 12:21:01 +0000
Processing by GrapeSwaggerRails::ApplicationController#index as HTML
  Rendering /Users/David/.rvm/gems/ruby-2.3.3/gems/grape-swagger-rails-0.3.0/app/views/grape_swagger_rails/application/index.html.erb
  Rendered /Users/David/.rvm/gems/ruby-2.3.3/gems/grape-swagger-rails-0.3.0/app/views/grape_swagger_rails/application/index.html.erb (170.6ms)
Completed 200 OK in 218ms (Views: 196.8ms | ActiveRecord: 0.0ms)


Started GET "/api/swagger_doc" for 127.0.0.1 at 2018-02-22 12:21:02 +0000
Started POST "/api/users" for 127.0.0.1 at 2018-02-22 12:21:20 +0000
Started GET "/apidoc" for 127.0.0.1 at 2018-02-22 12:28:13 +0000
  [1m[36mActiveRecord::SchemaMigration Load (11.9ms)[0m  [1m[34mSELECT "schema_migrations".* FROM "schema_migrations"[0m
Processing by GrapeSwaggerRails::ApplicationController#index as HTML
  Rendering /Users/David/.rvm/gems/ruby-2.3.3/gems/grape-swagger-rails-0.3.0/app/views/grape_swagger_rails/application/index.html.erb
  Rendered /Users/David/.rvm/gems/ruby-2.3.3/gems/grape-swagger-rails-0.3.0/app/views/grape_swagger_rails/application/index.html.erb (671.8ms)
Completed 200 OK in 728ms (Views: 707.5ms | ActiveRecord: 0.0ms)


Started GET "/api/swagger_doc" for 127.0.0.1 at 2018-02-22 12:28:14 +0000
Started POST "/api/users" for 127.0.0.1 at 2018-02-22 12:28:30 +0000
  [1m[35m (12.1ms)[0m  [1m[35mBEGIN[0m
  [1m[35m (11.3ms)[0m  [1m[31mROLLBACK[0m
Started POST "/api/users" for 127.0.0.1 at 2018-02-22 12:29:19 +0000
  [1m[35m (0.6ms)[0m  [1m[35mBEGIN[0m
  [1m[35m (0.4ms)[0m  [1m[31mROLLBACK[0m
Started POST "/api/users" for 127.0.0.1 at 2018-02-22 12:30:23 +0000
  [1m[35m (0.2ms)[0m  [1m[35mBEGIN[0m
  [1m[35m (0.3ms)[0m  [1m[31mROLLBACK[0m
Started POST "/api/users" for 127.0.0.1 at 2018-02-22 12:30:32 +0000
  [1m[35m (0.2ms)[0m  [1m[35mBEGIN[0m
  [1m[35m (0.2ms)[0m  [1m[31mROLLBACK[0m
Started POST "/api/users" for 127.0.0.1 at 2018-02-22 12:30:44 +0000
  [1m[35m (0.3ms)[0m  [1m[35mBEGIN[0m
  [1m[35m (2.1ms)[0m  [1m[31mROLLBACK[0m
  [1m[35m (0.2ms)[0m  [1m[35mBEGIN[0m
  [1m[35m (0.2ms)[0m  [1m[31mROLLBACK[0m
Started POST "/api/users" for 127.0.0.1 at 2018-02-22 12:31:27 +0000
  [1m[35m (0.2ms)[0m  [1m[35mBEGIN[0m
  [1m[35m (0.3ms)[0m  [1m[31mROLLBACK[0m
Started POST "/api/users" for 127.0.0.1 at 2018-02-22 12:31:40 +0000
  [1m[35m (0.2ms)[0m  [1m[35mBEGIN[0m
  [1m[35m (0.2ms)[0m  [1m[31mROLLBACK[0m
Started POST "/api/users" for 127.0.0.1 at 2018-02-22 12:31:48 +0000
  [1m[35m (0.3ms)[0m  [1m[35mBEGIN[0m
  [1m[35m (1.0ms)[0m  [1m[31mROLLBACK[0m
  [1m[35m (0.4ms)[0m  [1m[35mBEGIN[0m
  [1m[35m (0.4ms)[0m  [1m[31mROLLBACK[0m
Started POST "/api/users" for 127.0.0.1 at 2018-02-22 12:32:28 +0000
  [1m[35m (0.2ms)[0m  [1m[35mBEGIN[0m
  [1m[35m (0.2ms)[0m  [1m[31mROLLBACK[0m
  [1m[36mUser Load (3.2ms)[0m  [1m[34mSELECT "users".* FROM "users"[0m
  [1m[36mUser Load (10.4ms)[0m  [1m[34mSELECT "users".* FROM "users"[0m
Started POST "/api/users" for 127.0.0.1 at 2018-02-22 12:33:37 +0000
  [1m[35m (0.2ms)[0m  [1m[35mBEGIN[0m
  [1m[35m (0.2ms)[0m  [1m[31mROLLBACK[0m
Started POST "/api/users" for 127.0.0.1 at 2018-02-22 12:33:52 +0000
Started POST "/api/users" for 127.0.0.1 at 2018-02-22 12:34:11 +0000
  [1m[35m (0.2ms)[0m  [1m[35mBEGIN[0m
  [1m[35m (0.2ms)[0m  [1m[31mROLLBACK[0m
Started POST "/api/users" for 127.0.0.1 at 2018-02-22 12:34:24 +0000
  [1m[35m (0.3ms)[0m  [1m[35mBEGIN[0m
  [1m[35m (0.2ms)[0m  [1m[31mROLLBACK[0m
  [1m[35m (0.2ms)[0m  [1m[35mBEGIN[0m
  [1m[35m (0.2ms)[0m  [1m[31mROLLBACK[0m
Started POST "/api/users" for 127.0.0.1 at 2018-02-22 12:35:08 +0000
  [1m[35m (0.2ms)[0m  [1m[35mBEGIN[0m
  [1m[35m (0.2ms)[0m  [1m[31mROLLBACK[0m
Started GET "/apidoc" for 127.0.0.1 at 2018-02-22 12:35:55 +0000
Processing by GrapeSwaggerRails::ApplicationController#index as HTML
  Rendering /Users/David/.rvm/gems/ruby-2.3.3/gems/grape-swagger-rails-0.3.0/app/views/grape_swagger_rails/application/index.html.erb
  Rendered /Users/David/.rvm/gems/ruby-2.3.3/gems/grape-swagger-rails-0.3.0/app/views/grape_swagger_rails/application/index.html.erb (150.4ms)
Completed 200 OK in 189ms (Views: 176.4ms | ActiveRecord: 0.0ms)


Started GET "/api/swagger_doc" for 127.0.0.1 at 2018-02-22 12:35:56 +0000
Started POST "/api/users" for 127.0.0.1 at 2018-02-22 12:36:12 +0000
  [1m[35m (0.3ms)[0m  [1m[35mBEGIN[0m
  [1m[36mUser Exists (13.6ms)[0m  [1m[34mSELECT  1 AS one FROM "users" WHERE "users"."email" = $1 LIMIT $2[0m  [["email", "email@email.com"], ["LIMIT", 1]]
  [1m[35mSQL (40.9ms)[0m  [1m[32mINSERT INTO "users" ("first_name", "last_name", "address_line_1", "dob", "email", "encrypted_password", "created_at", "updated_at") VALUES ($1, $2, $3, $4, $5, $6, $7, $8) RETURNING "id"[0m  [["first_name", "name"], ["last_name", "name"], ["address_line_1", "123 fake steet"], ["dob", "2017-12-12 00:00:00"], ["email", "email@email.com"], ["encrypted_password", "$2a$11$bpQEhrT72lWwcoX2pDDBWeuHBnJCGf1.YhNu0M6Mjiy1led0qSTKu"], ["created_at", "2018-02-22 12:36:12.860375"], ["updated_at", "2018-02-22 12:36:12.860375"]]
  [1m[35m (2.9ms)[0m  [1m[35mCOMMIT[0m
  [1m[36mUser Load (5.3ms)[0m  [1m[34mSELECT "users".* FROM "users"[0m
Started POST "/api/users" for 127.0.0.1 at 2018-02-22 12:37:59 +0000
  [1m[35m (0.3ms)[0m  [1m[35mBEGIN[0m
  [1m[36mUser Exists (2.9ms)[0m  [1m[34mSELECT  1 AS one FROM "users" WHERE "users"."email" = $1 LIMIT $2[0m  [["email", "email@email.com"], ["LIMIT", 1]]
  [1m[35m (2.1ms)[0m  [1m[31mROLLBACK[0m
Started POST "/api/users" for 127.0.0.1 at 2018-02-22 12:38:05 +0000
  [1m[35m (0.2ms)[0m  [1m[35mBEGIN[0m
  [1m[36mUser Exists (0.4ms)[0m  [1m[34mSELECT  1 AS one FROM "users" WHERE "users"."email" = $1 LIMIT $2[0m  [["email", "email@emails.com"], ["LIMIT", 1]]
  [1m[35mSQL (0.5ms)[0m  [1m[32mINSERT INTO "users" ("first_name", "last_name", "address_line_1", "dob", "email", "encrypted_password", "created_at", "updated_at") VALUES ($1, $2, $3, $4, $5, $6, $7, $8) RETURNING "id"[0m  [["first_name", "name"], ["last_name", "name"], ["address_line_1", "123 fake steet"], ["dob", "2017-12-12 00:00:00"], ["email", "email@emails.com"], ["encrypted_password", "$2a$11$auJPVJfRNooMSwwvtsl.j.2/2Z475T9foY0dHQXggNVqlbJiAfqcK"], ["created_at", "2018-02-22 12:38:05.921454"], ["updated_at", "2018-02-22 12:38:05.921454"]]
  [1m[35m (2.3ms)[0m  [1m[35mCOMMIT[0m
Started POST "/api/users" for 127.0.0.1 at 2018-02-22 12:38:24 +0000
  [1m[35m (0.2ms)[0m  [1m[35mBEGIN[0m
  [1m[36mUser Exists (0.3ms)[0m  [1m[34mSELECT  1 AS one FROM "users" WHERE "users"."email" = $1 LIMIT $2[0m  [["email", "email@emfails.com"], ["LIMIT", 1]]
  [1m[35mSQL (0.4ms)[0m  [1m[32mINSERT INTO "users" ("first_name", "last_name", "address_line_1", "dob", "email", "encrypted_password", "created_at", "updated_at") VALUES ($1, $2, $3, $4, $5, $6, $7, $8) RETURNING "id"[0m  [["first_name", "name"], ["last_name", "name"], ["address_line_1", "123 fake steet"], ["dob", "2017-12-12 00:00:00"], ["email", "email@emfails.com"], ["encrypted_password", "$2a$11$/6mTiPJ.BIdI6OZ6j0GMiO7LV1GX8z83W7EuFBi.i36yZam8EIbwi"], ["created_at", "2018-02-22 12:38:24.886919"], ["updated_at", "2018-02-22 12:38:24.886919"]]
  [1m[35m (4.9ms)[0m  [1m[35mCOMMIT[0m
  [1m[36mUser Load (0.9ms)[0m  [1m[34mSELECT  "users".* FROM "users" ORDER BY "users"."id" DESC LIMIT $1[0m  [["LIMIT", 1]]
  [1m[36mUser Load (0.8ms)[0m  [1m[34mSELECT  "users".* FROM "users" ORDER BY "users"."id" DESC LIMIT $1[0m  [["LIMIT", 1]]
  [1m[36mUser Load (0.7ms)[0m  [1m[34mSELECT  "users".* FROM "users" ORDER BY "users"."id" DESC LIMIT $1[0m  [["LIMIT", 1]]
  [1m[36mUser Load (0.4ms)[0m  [1m[34mSELECT  "users".* FROM "users" ORDER BY "users"."id" DESC LIMIT $1[0m  [["LIMIT", 1]]
  [1m[36mUser Load (1.2ms)[0m  [1m[34mSELECT  "users".* FROM "users" ORDER BY "users"."id" DESC LIMIT $1[0m  [["LIMIT", 1]]
  [1m[36mUser Load (0.4ms)[0m  [1m[34mSELECT  "users".* FROM "users" ORDER BY "users"."id" DESC LIMIT $1[0m  [["LIMIT", 1]]
Started POST "/api/users" for 127.0.0.1 at 2018-02-22 12:40:55 +0000
  [1m[35m (0.2ms)[0m  [1m[35mBEGIN[0m
  [1m[36mUser Exists (0.4ms)[0m  [1m[34mSELECT  1 AS one FROM "users" WHERE "users"."email" = $1 LIMIT $2[0m  [["email", "email@edmfails.com"], ["LIMIT", 1]]
  [1m[35mSQL (0.4ms)[0m  [1m[32mINSERT INTO "users" ("first_name", "last_name", "address_line_1", "dob", "email", "encrypted_password", "created_at", "updated_at") VALUES ($1, $2, $3, $4, $5, $6, $7, $8) RETURNING "id"[0m  [["first_name", "name"], ["last_name", "name"], ["address_line_1", "123 fake steet"], ["dob", "1992-12-12 00:00:00"], ["email", "email@edmfails.com"], ["encrypted_password", "$2a$11$GfStjKEXCh4b3VSEkqK17uSv/tTndB.RMS8JX81DZkWYNiPkpB89e"], ["created_at", "2018-02-22 12:40:55.391041"], ["updated_at", "2018-02-22 12:40:55.391041"]]
  [1m[35m (2.2ms)[0m  [1m[35mCOMMIT[0m
  [1m[35m (0.5ms)[0m  [1m[34mSELECT pg_try_advisory_lock(1124963863048785165);[0m
  [1m[36mActiveRecord::SchemaMigration Load (0.8ms)[0m  [1m[34mSELECT "schema_migrations".* FROM "schema_migrations"[0m
  [1m[36mActiveRecord::InternalMetadata Load (0.8ms)[0m  [1m[34mSELECT  "ar_internal_metadata".* FROM "ar_internal_metadata" WHERE "ar_internal_metadata"."key" = $1 LIMIT $2[0m  [["key", "environment"], ["LIMIT", 1]]
  [1m[35m (0.3ms)[0m  [1m[35mBEGIN[0m
  [1m[35m (0.3ms)[0m  [1m[35mCOMMIT[0m
  [1m[35m (0.4ms)[0m  [1m[34mSELECT pg_advisory_unlock(1124963863048785165)[0m
  [1m[36mActiveRecord::SchemaMigration Load (0.2ms)[0m  [1m[34mSELECT "schema_migrations".* FROM "schema_migrations"[0m
  [1m[36mUser Load (0.7ms)[0m  [1m[34mSELECT  "users".* FROM "users" ORDER BY "users"."id" DESC LIMIT $1[0m  [["LIMIT", 1]]
  [1m[36mUser Load (1.0ms)[0m  [1m[34mSELECT  "users".* FROM "users" ORDER BY "users"."id" DESC LIMIT $1[0m  [["LIMIT", 1]]
  [1m[36mUser Load (0.5ms)[0m  [1m[34mSELECT  "users".* FROM "users" ORDER BY "users"."id" DESC LIMIT $1[0m  [["LIMIT", 1]]
  [1m[36mUser Load (0.5ms)[0m  [1m[34mSELECT  "users".* FROM "users" ORDER BY "users"."id" DESC LIMIT $1[0m  [["LIMIT", 1]]
  [1m[36mUser Load (0.3ms)[0m  [1m[34mSELECT  "users".* FROM "users" ORDER BY "users"."id" DESC LIMIT $1[0m  [["LIMIT", 1]]
  [1m[36mActiveRecord::SchemaMigration Load (0.5ms)[0m  [1m[34mSELECT "schema_migrations".* FROM "schema_migrations"[0m
  [1m[35m (0.4ms)[0m  [1m[34mSELECT pg_try_advisory_lock(1124963863048785165);[0m
  [1m[36mActiveRecord::SchemaMigration Load (0.2ms)[0m  [1m[34mSELECT "schema_migrations".* FROM "schema_migrations"[0m
Migrating to CreateTransfers (20180222115355)
  [1m[35m (0.2ms)[0m  [1m[35mBEGIN[0m
  [1m[35m (47.1ms)[0m  [1m[35mDROP TABLE "transfers"[0m
  [1m[35mSQL (5.7ms)[0m  [1m[31mDELETE FROM "schema_migrations" WHERE "schema_migrations"."version" = $1[0m  [["version", "20180222115355"]]
  [1m[35m (11.9ms)[0m  [1m[35mCOMMIT[0m
  [1m[35m (0.5ms)[0m  [1m[34mSELECT pg_advisory_unlock(1124963863048785165)[0m
  [1m[36mActiveRecord::SchemaMigration Load (0.3ms)[0m  [1m[34mSELECT "schema_migrations".* FROM "schema_migrations"[0m
  [1m[35m (0.3ms)[0m  [1m[34mSELECT pg_try_advisory_lock(1124963863048785165);[0m
  [1m[36mActiveRecord::SchemaMigration Load (1.4ms)[0m  [1m[34mSELECT "schema_migrations".* FROM "schema_migrations"[0m
Migrating to CreateTransfers (20180222115355)
  [1m[35m (0.3ms)[0m  [1m[35mBEGIN[0m
  [1m[35m (40.2ms)[0m  [1m[35mCREATE TABLE "transfers" ("id" serial primary key, "user_id" integer, "account_number_from" character varying, "account_number_to" character varying, "amount_pennies" integer, "country_code_from" character varying, "country_code_to" character varying, "created_at" timestamp NOT NULL, "updated_at" timestamp NOT NULL)[0m
  [1m[35mSQL (2.9ms)[0m  [1m[32mINSERT INTO "schema_migrations" ("version") VALUES ($1) RETURNING "version"[0m  [["version", "20180222115355"]]
  [1m[35m (3.4ms)[0m  [1m[35mCOMMIT[0m
  [1m[36mActiveRecord::InternalMetadata Load (0.5ms)[0m  [1m[34mSELECT  "ar_internal_metadata".* FROM "ar_internal_metadata" WHERE "ar_internal_metadata"."key" = $1 LIMIT $2[0m  [["key", "environment"], ["LIMIT", 1]]
  [1m[35m (0.2ms)[0m  [1m[35mBEGIN[0m
  [1m[35m (0.2ms)[0m  [1m[35mCOMMIT[0m
  [1m[35m (0.2ms)[0m  [1m[34mSELECT pg_advisory_unlock(1124963863048785165)[0m
  [1m[36mActiveRecord::SchemaMigration Load (0.3ms)[0m  [1m[34mSELECT "schema_migrations".* FROM "schema_migrations"[0m
  [1m[36mUser Load (0.2ms)[0m  [1m[34mSELECT  "users".* FROM "users" ORDER BY "users"."id" DESC LIMIT $1[0m  [["LIMIT", 1]]
  [1m[36mTransfer Load (0.6ms)[0m  [1m[34mSELECT "transfers".* FROM "transfers" WHERE "transfers"."user_id" = $1[0m  [["user_id", 4]]
  [1m[36mUser Load (0.6ms)[0m  [1m[34mSELECT  "users".* FROM "users" ORDER BY "users"."id" DESC LIMIT $1[0m  [["LIMIT", 1]]
Started GET "/apidoc" for 127.0.0.1 at 2018-02-22 12:56:39 +0000
  [1m[36mActiveRecord::SchemaMigration Load (3.3ms)[0m  [1m[34mSELECT "schema_migrations".* FROM "schema_migrations"[0m
Processing by GrapeSwaggerRails::ApplicationController#index as HTML
  Rendering /Users/David/.rvm/gems/ruby-2.3.3/gems/grape-swagger-rails-0.3.0/app/views/grape_swagger_rails/application/index.html.erb
  Rendered /Users/David/.rvm/gems/ruby-2.3.3/gems/grape-swagger-rails-0.3.0/app/views/grape_swagger_rails/application/index.html.erb (127.9ms)
Completed 200 OK in 171ms (Views: 154.3ms | ActiveRecord: 0.0ms)


Started GET "/api/swagger_doc" for 127.0.0.1 at 2018-02-22 12:56:40 +0000
Started GET "/apidoc" for 127.0.0.1 at 2018-02-22 12:59:18 +0000
  
SyntaxError (/Users/David/Desktop/Sample Code/Sample-API/app/api/api/base.rb:105: syntax error, unexpected keyword_end, expecting end-of-input):
  
app/api/api/base.rb:105: syntax error, unexpected keyword_end, expecting end-of-input
config/routes.rb:3:in `block in <top (required)>'
config/routes.rb:1:in `<top (required)>'
  Rendering /Users/David/.rvm/gems/ruby-2.3.3/gems/actionpack-5.0.6/lib/action_dispatch/middleware/templates/rescues/diagnostics.html.erb within rescues/layout
  Rendering /Users/David/.rvm/gems/ruby-2.3.3/gems/actionpack-5.0.6/lib/action_dispatch/middleware/templates/rescues/_source.html.erb
  Rendered /Users/David/.rvm/gems/ruby-2.3.3/gems/actionpack-5.0.6/lib/action_dispatch/middleware/templates/rescues/_source.html.erb (3.6ms)
  Rendering /Users/David/.rvm/gems/ruby-2.3.3/gems/actionpack-5.0.6/lib/action_dispatch/middleware/templates/rescues/_trace.html.erb
  Rendered /Users/David/.rvm/gems/ruby-2.3.3/gems/actionpack-5.0.6/lib/action_dispatch/middleware/templates/rescues/_trace.html.erb (2.2ms)
  Rendering /Users/David/.rvm/gems/ruby-2.3.3/gems/actionpack-5.0.6/lib/action_dispatch/middleware/templates/rescues/_request_and_response.html.erb
  Rendered /Users/David/.rvm/gems/ruby-2.3.3/gems/actionpack-5.0.6/lib/action_dispatch/middleware/templates/rescues/_request_and_response.html.erb (1.5ms)
  Rendered /Users/David/.rvm/gems/ruby-2.3.3/gems/actionpack-5.0.6/lib/action_dispatch/middleware/templates/rescues/diagnostics.html.erb within rescues/layout (92.1ms)
Started GET "/apidoc" for 127.0.0.1 at 2018-02-22 12:59:33 +0000
Processing by GrapeSwaggerRails::ApplicationController#index as HTML
  Rendering /Users/David/.rvm/gems/ruby-2.3.3/gems/grape-swagger-rails-0.3.0/app/views/grape_swagger_rails/application/index.html.erb
  Rendered /Users/David/.rvm/gems/ruby-2.3.3/gems/grape-swagger-rails-0.3.0/app/views/grape_swagger_rails/application/index.html.erb (130.9ms)
Completed 200 OK in 170ms (Views: 155.4ms | ActiveRecord: 0.0ms)


Started GET "/api/swagger_doc" for 127.0.0.1 at 2018-02-22 12:59:33 +0000
  [1m[36mUser Load (35.2ms)[0m  [1m[34mSELECT  "users".* FROM "users" ORDER BY "users"."id" DESC LIMIT $1[0m  [["LIMIT", 1]]
  [1m[36mUser Load (0.3ms)[0m  [1m[34mSELECT  "users".* FROM "users" ORDER BY "users"."id" DESC LIMIT $1[0m  [["LIMIT", 1]]
  [1m[36mUser Load (0.7ms)[0m  [1m[34mSELECT  "users".* FROM "users" ORDER BY "users"."id" DESC LIMIT $1[0m  [["LIMIT", 1]]
  [1m[36mUser Load (0.9ms)[0m  [1m[34mSELECT "users".* FROM "users"[0m
  [1m[35m (2.2ms)[0m  [1m[35mBEGIN[0m
  [1m[35mSQL (7.0ms)[0m  [1m[31mDELETE FROM "users" WHERE "users"."id" = $1[0m  [["id", 1]]
  [1m[35m (3.1ms)[0m  [1m[35mCOMMIT[0m
  [1m[35m (0.3ms)[0m  [1m[35mBEGIN[0m
  [1m[35mSQL (0.5ms)[0m  [1m[31mDELETE FROM "users" WHERE "users"."id" = $1[0m  [["id", 2]]
  [1m[35m (2.3ms)[0m  [1m[35mCOMMIT[0m
  [1m[35m (0.2ms)[0m  [1m[35mBEGIN[0m
  [1m[35mSQL (0.5ms)[0m  [1m[31mDELETE FROM "users" WHERE "users"."id" = $1[0m  [["id", 3]]
  [1m[35m (2.3ms)[0m  [1m[35mCOMMIT[0m
  [1m[35m (0.6ms)[0m  [1m[35mBEGIN[0m
  [1m[35mSQL (0.8ms)[0m  [1m[31mDELETE FROM "users" WHERE "users"."id" = $1[0m  [["id", 4]]
  [1m[35m (5.4ms)[0m  [1m[35mCOMMIT[0m
Started GET "/apidoc" for 127.0.0.1 at 2018-02-22 13:01:42 +0000
Processing by GrapeSwaggerRails::ApplicationController#index as HTML
  Rendering /Users/David/.rvm/gems/ruby-2.3.3/gems/grape-swagger-rails-0.3.0/app/views/grape_swagger_rails/application/index.html.erb
  Rendered /Users/David/.rvm/gems/ruby-2.3.3/gems/grape-swagger-rails-0.3.0/app/views/grape_swagger_rails/application/index.html.erb (96.4ms)
Completed 200 OK in 130ms (Views: 116.4ms | ActiveRecord: 0.0ms)


Started GET "/api/swagger_doc" for 127.0.0.1 at 2018-02-22 13:01:43 +0000
Started POST "/api/users" for 127.0.0.1 at 2018-02-22 13:02:18 +0000
  [1m[35m (0.3ms)[0m  [1m[35mBEGIN[0m
  [1m[36mUser Exists (0.5ms)[0m  [1m[34mSELECT  1 AS one FROM "users" WHERE "users"."email" = $1 LIMIT $2[0m  [["email", "test@email.com"], ["LIMIT", 1]]
  [1m[35m (6.2ms)[0m  [1m[31mROLLBACK[0m
Started POST "/api/users" for 127.0.0.1 at 2018-02-22 13:03:56 +0000
  [1m[36mActiveRecord::SchemaMigration Load (0.3ms)[0m  [1m[34mSELECT "schema_migrations".* FROM "schema_migrations"[0m
  
ActiveRecord::PendingMigrationError (

Migrations are pending. To resolve this issue, run:

        bin/rails db:migrate RAILS_ENV=development

):
  
activerecord (5.0.6) lib/active_record/migration.rb:573:in `check_pending!'
activerecord (5.0.6) lib/active_record/migration.rb:549:in `call'
actionpack (5.0.6) lib/action_dispatch/middleware/callbacks.rb:38:in `block in call'
activesupport (5.0.6) lib/active_support/callbacks.rb:97:in `__run_callbacks__'
activesupport (5.0.6) lib/active_support/callbacks.rb:750:in `_run_call_callbacks'
activesupport (5.0.6) lib/active_support/callbacks.rb:90:in `run_callbacks'
actionpack (5.0.6) lib/action_dispatch/middleware/callbacks.rb:36:in `call'
actionpack (5.0.6) lib/action_dispatch/middleware/executor.rb:12:in `call'
actionpack (5.0.6) lib/action_dispatch/middleware/remote_ip.rb:79:in `call'
actionpack (5.0.6) lib/action_dispatch/middleware/debug_exceptions.rb:49:in `call'
web-console (3.5.1) lib/web_console/middleware.rb:135:in `call_app'
web-console (3.5.1) lib/web_console/middleware.rb:28:in `block in call'
web-console (3.5.1) lib/web_console/middleware.rb:18:in `catch'
web-console (3.5.1) lib/web_console/middleware.rb:18:in `call'
actionpack (5.0.6) lib/action_dispatch/middleware/show_exceptions.rb:31:in `call'
railties (5.0.6) lib/rails/rack/logger.rb:36:in `call_app'
railties (5.0.6) lib/rails/rack/logger.rb:24:in `block in call'
activesupport (5.0.6) lib/active_support/tagged_logging.rb:69:in `block in tagged'
activesupport (5.0.6) lib/active_support/tagged_logging.rb:26:in `tagged'
activesupport (5.0.6) lib/active_support/tagged_logging.rb:69:in `tagged'
railties (5.0.6) lib/rails/rack/logger.rb:24:in `call'
sprockets-rails (3.2.1) lib/sprockets/rails/quiet_assets.rb:13:in `call'
actionpack (5.0.6) lib/action_dispatch/middleware/request_id.rb:24:in `call'
rack (2.0.4) lib/rack/method_override.rb:22:in `call'
rack (2.0.4) lib/rack/runtime.rb:22:in `call'
activesupport (5.0.6) lib/active_support/cache/strategy/local_cache_middleware.rb:28:in `call'
actionpack (5.0.6) lib/action_dispatch/middleware/executor.rb:12:in `call'
actionpack (5.0.6) lib/action_dispatch/middleware/static.rb:136:in `call'
rack (2.0.4) lib/rack/sendfile.rb:111:in `call'
railties (5.0.6) lib/rails/engine.rb:522:in `call'
puma (3.11.2) lib/puma/configuration.rb:225:in `call'
puma (3.11.2) lib/puma/server.rb:624:in `handle_request'
puma (3.11.2) lib/puma/server.rb:438:in `process_client'
puma (3.11.2) lib/puma/server.rb:302:in `block in run'
puma (3.11.2) lib/puma/thread_pool.rb:120:in `block in spawn_thread'
  Rendering /Users/David/.rvm/gems/ruby-2.3.3/gems/actionpack-5.0.6/lib/action_dispatch/middleware/templates/rescues/diagnostics.html.erb within rescues/layout
  Rendering /Users/David/.rvm/gems/ruby-2.3.3/gems/actionpack-5.0.6/lib/action_dispatch/middleware/templates/rescues/_source.html.erb
  Rendered /Users/David/.rvm/gems/ruby-2.3.3/gems/actionpack-5.0.6/lib/action_dispatch/middleware/templates/rescues/_source.html.erb (5.1ms)
  Rendering /Users/David/.rvm/gems/ruby-2.3.3/gems/actionpack-5.0.6/lib/action_dispatch/middleware/templates/rescues/_trace.html.erb
  Rendered /Users/David/.rvm/gems/ruby-2.3.3/gems/actionpack-5.0.6/lib/action_dispatch/middleware/templates/rescues/_trace.html.erb (2.3ms)
  Rendering /Users/David/.rvm/gems/ruby-2.3.3/gems/actionpack-5.0.6/lib/action_dispatch/middleware/templates/rescues/_request_and_response.html.erb
  Rendered /Users/David/.rvm/gems/ruby-2.3.3/gems/actionpack-5.0.6/lib/action_dispatch/middleware/templates/rescues/_request_and_response.html.erb (6.6ms)
  Rendered /Users/David/.rvm/gems/ruby-2.3.3/gems/actionpack-5.0.6/lib/action_dispatch/middleware/templates/rescues/diagnostics.html.erb within rescues/layout (98.6ms)
Started POST "/api/users" for 127.0.0.1 at 2018-02-22 13:04:33 +0000
  [1m[36mActiveRecord::SchemaMigration Load (0.8ms)[0m  [1m[34mSELECT "schema_migrations".* FROM "schema_migrations"[0m
  
ActiveRecord::PendingMigrationError (

Migrations are pending. To resolve this issue, run:

        bin/rails db:migrate RAILS_ENV=development

):
  
activerecord (5.0.6) lib/active_record/migration.rb:573:in `check_pending!'
activerecord (5.0.6) lib/active_record/migration.rb:549:in `call'
actionpack (5.0.6) lib/action_dispatch/middleware/callbacks.rb:38:in `block in call'
activesupport (5.0.6) lib/active_support/callbacks.rb:97:in `__run_callbacks__'
activesupport (5.0.6) lib/active_support/callbacks.rb:750:in `_run_call_callbacks'
activesupport (5.0.6) lib/active_support/callbacks.rb:90:in `run_callbacks'
actionpack (5.0.6) lib/action_dispatch/middleware/callbacks.rb:36:in `call'
actionpack (5.0.6) lib/action_dispatch/middleware/executor.rb:12:in `call'
actionpack (5.0.6) lib/action_dispatch/middleware/remote_ip.rb:79:in `call'
actionpack (5.0.6) lib/action_dispatch/middleware/debug_exceptions.rb:49:in `call'
web-console (3.5.1) lib/web_console/middleware.rb:135:in `call_app'
web-console (3.5.1) lib/web_console/middleware.rb:28:in `block in call'
web-console (3.5.1) lib/web_console/middleware.rb:18:in `catch'
web-console (3.5.1) lib/web_console/middleware.rb:18:in `call'
actionpack (5.0.6) lib/action_dispatch/middleware/show_exceptions.rb:31:in `call'
railties (5.0.6) lib/rails/rack/logger.rb:36:in `call_app'
railties (5.0.6) lib/rails/rack/logger.rb:24:in `block in call'
activesupport (5.0.6) lib/active_support/tagged_logging.rb:69:in `block in tagged'
activesupport (5.0.6) lib/active_support/tagged_logging.rb:26:in `tagged'
activesupport (5.0.6) lib/active_support/tagged_logging.rb:69:in `tagged'
railties (5.0.6) lib/rails/rack/logger.rb:24:in `call'
sprockets-rails (3.2.1) lib/sprockets/rails/quiet_assets.rb:13:in `call'
actionpack (5.0.6) lib/action_dispatch/middleware/request_id.rb:24:in `call'
rack (2.0.4) lib/rack/method_override.rb:22:in `call'
rack (2.0.4) lib/rack/runtime.rb:22:in `call'
activesupport (5.0.6) lib/active_support/cache/strategy/local_cache_middleware.rb:28:in `call'
actionpack (5.0.6) lib/action_dispatch/middleware/executor.rb:12:in `call'
actionpack (5.0.6) lib/action_dispatch/middleware/static.rb:136:in `call'
rack (2.0.4) lib/rack/sendfile.rb:111:in `call'
railties (5.0.6) lib/rails/engine.rb:522:in `call'
puma (3.11.2) lib/puma/configuration.rb:225:in `call'
puma (3.11.2) lib/puma/server.rb:624:in `handle_request'
puma (3.11.2) lib/puma/server.rb:438:in `process_client'
puma (3.11.2) lib/puma/server.rb:302:in `block in run'
puma (3.11.2) lib/puma/thread_pool.rb:120:in `block in spawn_thread'
  Rendering /Users/David/.rvm/gems/ruby-2.3.3/gems/actionpack-5.0.6/lib/action_dispatch/middleware/templates/rescues/diagnostics.html.erb within rescues/layout
  Rendering /Users/David/.rvm/gems/ruby-2.3.3/gems/actionpack-5.0.6/lib/action_dispatch/middleware/templates/rescues/_source.html.erb
  Rendered /Users/David/.rvm/gems/ruby-2.3.3/gems/actionpack-5.0.6/lib/action_dispatch/middleware/templates/rescues/_source.html.erb (2.2ms)
  Rendering /Users/David/.rvm/gems/ruby-2.3.3/gems/actionpack-5.0.6/lib/action_dispatch/middleware/templates/rescues/_trace.html.erb
  Rendered /Users/David/.rvm/gems/ruby-2.3.3/gems/actionpack-5.0.6/lib/action_dispatch/middleware/templates/rescues/_trace.html.erb (1.8ms)
  Rendering /Users/David/.rvm/gems/ruby-2.3.3/gems/actionpack-5.0.6/lib/action_dispatch/middleware/templates/rescues/_request_and_response.html.erb
  Rendered /Users/David/.rvm/gems/ruby-2.3.3/gems/actionpack-5.0.6/lib/action_dispatch/middleware/templates/rescues/_request_and_response.html.erb (1.7ms)
  Rendered /Users/David/.rvm/gems/ruby-2.3.3/gems/actionpack-5.0.6/lib/action_dispatch/middleware/templates/rescues/diagnostics.html.erb within rescues/layout (100.0ms)
  [1m[35m (0.6ms)[0m  [1m[34mSELECT pg_try_advisory_lock(1124963863048785165);[0m
  [1m[36mActiveRecord::SchemaMigration Load (1.0ms)[0m  [1m[34mSELECT "schema_migrations".* FROM "schema_migrations"[0m
Migrating to AddAuthenticationTokenToUsers (20180222130344)
  [1m[35m (0.2ms)[0m  [1m[35mBEGIN[0m
  [1m[35m (26.6ms)[0m  [1m[35mALTER TABLE "users" ADD "authentication_token" character varying(30)[0m
  [1m[35m (9.1ms)[0m  [1m[35mCREATE UNIQUE INDEX  "index_users_on_authentication_token" ON "users"  ("authentication_token")[0m
  [1m[35mSQL (2.5ms)[0m  [1m[32mINSERT INTO "schema_migrations" ("version") VALUES ($1) RETURNING "version"[0m  [["version", "20180222130344"]]
  [1m[35m (3.2ms)[0m  [1m[35mCOMMIT[0m
  [1m[36mActiveRecord::InternalMetadata Load (2.6ms)[0m  [1m[34mSELECT  "ar_internal_metadata".* FROM "ar_internal_metadata" WHERE "ar_internal_metadata"."key" = $1 LIMIT $2[0m  [["key", "environment"], ["LIMIT", 1]]
  [1m[35m (0.2ms)[0m  [1m[35mBEGIN[0m
  [1m[35m (0.2ms)[0m  [1m[35mCOMMIT[0m
  [1m[35m (0.3ms)[0m  [1m[34mSELECT pg_advisory_unlock(1124963863048785165)[0m
  [1m[36mActiveRecord::SchemaMigration Load (0.3ms)[0m  [1m[34mSELECT "schema_migrations".* FROM "schema_migrations"[0m
Started POST "/api/users" for 127.0.0.1 at 2018-02-22 13:05:10 +0000
  [1m[36mActiveRecord::SchemaMigration Load (0.5ms)[0m  [1m[34mSELECT "schema_migrations".* FROM "schema_migrations"[0m
  [1m[35m (0.2ms)[0m  [1m[35mBEGIN[0m
  [1m[36mUser Exists (1.9ms)[0m  [1m[34mSELECT  1 AS one FROM "users" WHERE "users"."email" = $1 LIMIT $2[0m  [["email", "test@email.com"], ["LIMIT", 1]]
  [1m[35mSQL (19.2ms)[0m  [1m[32mINSERT INTO "users" ("first_name", "last_name", "address_line_1", "dob", "email", "encrypted_password", "created_at", "updated_at", "authentication_token") VALUES ($1, $2, $3, $4, $5, $6, $7, $8, $9) RETURNING "id"[0m  [["first_name", "david"], ["last_name", "gu"], ["address_line_1", "123 fake street"], ["dob", "2019-12-12 00:00:00"], ["email", "test@email.com"], ["encrypted_password", "$2a$11$PdyycQq4BZMZj/yaUA4aUemgvZoKv2VSGTqVhyB7cx5kLuKpkbeLa"], ["created_at", "2018-02-22 13:05:11.036527"], ["updated_at", "2018-02-22 13:05:11.036527"], ["authentication_token", "yn9mtsc4RF2ypNZUMxT7fE1Z"]]
  [1m[35m (2.6ms)[0m  [1m[35mCOMMIT[0m
  [1m[36mUser Load (7.1ms)[0m  [1m[34mSELECT  "users".* FROM "users" ORDER BY "users"."id" DESC LIMIT $1[0m  [["LIMIT", 1]]
  [1m[36mUser Load (1.3ms)[0m  [1m[34mSELECT  "users".* FROM "users" ORDER BY "users"."id" DESC LIMIT $1[0m  [["LIMIT", 1]]
Started POST "/api/transfers" for 127.0.0.1 at 2018-02-22 13:07:30 +0000
Started POST "/api/transfers" for 127.0.0.1 at 2018-02-22 13:08:27 +0000
  [1m[36mUser Load (0.4ms)[0m  [1m[34mSELECT  "users".* FROM "users" WHERE "users"."id" = $1 LIMIT $2[0m  [["id", 0], ["LIMIT", 1]]
  [1m[36mUser Load (0.6ms)[0m  [1m[34mSELECT "users".* FROM "users" WHERE "users"."authentication_token" = $1[0m  [["authentication_token", "yn9mtsc4RF2ypNZUMxT7fE1Z"]]
Started POST "/api/transfers" for 127.0.0.1 at 2018-02-22 13:09:17 +0000
  [1m[36mUser Load (0.4ms)[0m  [1m[34mSELECT "users".* FROM "users" WHERE "users"."authentication_token" = $1[0m  [["authentication_token", "yn9mtsc4RF2ypNZUMxT7fE1Z"]]
  [1m[36mUser Load (1.3ms)[0m  [1m[34mSELECT  "users".* FROM "users" WHERE "users"."authentication_token" = $1 ORDER BY "users"."id" DESC LIMIT $2[0m  [["authentication_token", "yn9mtsc4RF2ypNZUMxT7fE1Z"], ["LIMIT", 1]]
Started GET "/apidoc" for 127.0.0.1 at 2018-02-22 13:10:52 +0000
  [1m[36mActiveRecord::SchemaMigration Load (0.8ms)[0m  [1m[34mSELECT "schema_migrations".* FROM "schema_migrations"[0m
Processing by GrapeSwaggerRails::ApplicationController#index as HTML
  Rendering /Users/David/.rvm/gems/ruby-2.3.3/gems/grape-swagger-rails-0.3.0/app/views/grape_swagger_rails/application/index.html.erb
  Rendered /Users/David/.rvm/gems/ruby-2.3.3/gems/grape-swagger-rails-0.3.0/app/views/grape_swagger_rails/application/index.html.erb (566.3ms)
Completed 200 OK in 633ms (Views: 605.2ms | ActiveRecord: 0.0ms)


Started GET "/api/swagger_doc" for 127.0.0.1 at 2018-02-22 13:10:54 +0000
Started POST "/api/transfers" for 127.0.0.1 at 2018-02-22 13:11:16 +0000
Started POST "/api/transfers" for 127.0.0.1 at 2018-02-22 13:11:44 +0000
Started POST "/api/transfers" for 127.0.0.1 at 2018-02-22 13:11:57 +0000
  [1m[36mUser Load (1.2ms)[0m  [1m[34mSELECT  "users".* FROM "users" WHERE "users"."authentication_token" = $1 ORDER BY "users"."id" DESC LIMIT $2[0m  [["authentication_token", "yn9mtsc4RF2ypNZUMxT7fE1Z"], ["LIMIT", 1]]
Started POST "/api/transfers" for 127.0.0.1 at 2018-02-22 13:12:38 +0000
  [1m[36mUser Load (0.5ms)[0m  [1m[34mSELECT  "users".* FROM "users" WHERE "users"."authentication_token" = $1 ORDER BY "users"."id" DESC LIMIT $2[0m  [["authentication_token", "yn9mtsc4RF2ypNZUMxT7fE1Z"], ["LIMIT", 1]]
Started POST "/api/transfers" for 127.0.0.1 at 2018-02-22 13:13:34 +0000
  [1m[36mUser Load (0.8ms)[0m  [1m[34mSELECT  "users".* FROM "users" WHERE "users"."authentication_token" = $1 ORDER BY "users"."id" DESC LIMIT $2[0m  [["authentication_token", "yn9mtsc4RF2ypNZUMxT7fE1Z"], ["LIMIT", 1]]
  [1m[36mUser Load (0.5ms)[0m  [1m[34mSELECT  "users".* FROM "users" ORDER BY "users"."id" DESC LIMIT $1[0m  [["LIMIT", 1]]
Started POST "/api/transfers" for 127.0.0.1 at 2018-02-22 13:13:53 +0000
  [1m[36mUser Load (0.7ms)[0m  [1m[34mSELECT  "users".* FROM "users" WHERE "users"."authentication_token" = $1 ORDER BY "users"."id" DESC LIMIT $2[0m  [["authentication_token", "yn9mtsc4RF2ypNZUMxT7fE1Zf"], ["LIMIT", 1]]
Started POST "/api/transfers" for 127.0.0.1 at 2018-02-22 13:14:50 +0000
  [1m[36mUser Load (0.4ms)[0m  [1m[34mSELECT  "users".* FROM "users" WHERE "users"."authentication_token" = $1 ORDER BY "users"."id" DESC LIMIT $2[0m  [["authentication_token", "yn9mtsc4RF2ypNZUMxT7fE1Zf"], ["LIMIT", 1]]
Started POST "/api/transfers" for 127.0.0.1 at 2018-02-22 13:15:51 +0000
  [1m[36mUser Load (0.6ms)[0m  [1m[34mSELECT  "users".* FROM "users" WHERE "users"."authentication_token" = $1 ORDER BY "users"."id" DESC LIMIT $2[0m  [["authentication_token", "yn9mtsc4RF2ypNZUMxT7fE1Zf"], ["LIMIT", 1]]
Started POST "/api/transfers" for 127.0.0.1 at 2018-02-22 13:17:37 +0000
  [1m[36mUser Load (0.5ms)[0m  [1m[34mSELECT "users".* FROM "users" WHERE "users"."authentication_token" = $1[0m  [["authentication_token", "yn9mtsc4RF2ypNZUMxT7fE1Zf"]]
Started POST "/api/transfers" for 127.0.0.1 at 2018-02-22 13:18:34 +0000
  [1m[36mUser Load (0.6ms)[0m  [1m[34mSELECT "users".* FROM "users" WHERE "users"."authentication_token" = $1[0m  [["authentication_token", "yn9mtsc4RF2ypNZUMxT7fE1Zf"]]
Started POST "/api/transfers" for 127.0.0.1 at 2018-02-22 13:18:45 +0000
  [1m[36mUser Load (0.4ms)[0m  [1m[34mSELECT "users".* FROM "users" WHERE "users"."authentication_token" = $1[0m  [["authentication_token", "yn9mtsc4RF2ypNZUMxT7fE1Z"]]
  [1m[36mUser Load (0.7ms)[0m  [1m[34mSELECT  "users".* FROM "users" WHERE "users"."authentication_token" = $1 ORDER BY "users"."id" ASC LIMIT $2[0m  [["authentication_token", "yn9mtsc4RF2ypNZUMxT7fE1Z"], ["LIMIT", 1]]
  [1m[36mUser Load (0.5ms)[0m  [1m[34mSELECT  "users".* FROM "users" WHERE "users"."authentication_token" = $1 ORDER BY "users"."id" DESC LIMIT $2[0m  [["authentication_token", "yn9mtsc4RF2ypNZUMxT7fE1Z"], ["LIMIT", 1]]
  [1m[36mCACHE (0.1ms)[0m  [1m[34mSELECT  "users".* FROM "users" WHERE "users"."authentication_token" = $1 ORDER BY "users"."id" DESC LIMIT $2[0m  [["authentication_token", "yn9mtsc4RF2ypNZUMxT7fE1Z"], ["LIMIT", 1]]
  [1m[36mUser Load (1.3ms)[0m  [1m[34mSELECT  "users".* FROM "users" ORDER BY "users"."id" DESC LIMIT $1[0m  [["LIMIT", 1]]
Started GET "/apidoc" for 127.0.0.1 at 2018-02-22 14:04:21 +0000
Processing by GrapeSwaggerRails::ApplicationController#index as HTML
  Rendering /Users/David/.rvm/gems/ruby-2.3.3/gems/grape-swagger-rails-0.3.0/app/views/grape_swagger_rails/application/index.html.erb
  Rendered /Users/David/.rvm/gems/ruby-2.3.3/gems/grape-swagger-rails-0.3.0/app/views/grape_swagger_rails/application/index.html.erb (131.5ms)
Completed 200 OK in 173ms (Views: 153.4ms | ActiveRecord: 0.0ms)


Started GET "/api/swagger_doc" for 127.0.0.1 at 2018-02-22 14:04:22 +0000
  [1m[36mUser Load (3.5ms)[0m  [1m[34mSELECT  "users".* FROM "users" ORDER BY "users"."id" DESC LIMIT $1[0m  [["LIMIT", 1]]
Started POST "/api/users/login" for 127.0.0.1 at 2018-02-22 14:05:42 +0000
  [1m[36mUser Load (0.3ms)[0m  [1m[34mSELECT  "users".* FROM "users" WHERE "users"."email" = $1 LIMIT $2[0m  [["email", "test@email.com"], ["LIMIT", 1]]
Started POST "/api/users/login" for 127.0.0.1 at 2018-02-22 14:06:11 +0000
  [1m[36mUser Load (0.5ms)[0m  [1m[34mSELECT  "users".* FROM "users" WHERE "users"."email" = $1 LIMIT $2[0m  [["email", "test@email.com"], ["LIMIT", 1]]
  [1m[35m (1.9ms)[0m  [1m[35mBEGIN[0m
  [1m[35mSQL (7.1ms)[0m  [1m[33mUPDATE "users" SET "authentication_token" = $1, "updated_at" = $2 WHERE "users"."id" = $3[0m  [["authentication_token", "Msq3HsXAqh4abuSdmgPPRhc6"], ["updated_at", "2018-02-22 14:06:11.365918"], ["id", 5]]
  [1m[35m (2.8ms)[0m  [1m[35mCOMMIT[0m
Started POST "/api/users/login" for 127.0.0.1 at 2018-02-22 14:06:51 +0000
  [1m[36mUser Load (0.4ms)[0m  [1m[34mSELECT  "users".* FROM "users" WHERE "users"."email" = $1 LIMIT $2[0m  [["email", "test@email.com"], ["LIMIT", 1]]
  [1m[35m (0.3ms)[0m  [1m[35mBEGIN[0m
  [1m[35mSQL (0.5ms)[0m  [1m[33mUPDATE "users" SET "authentication_token" = $1, "updated_at" = $2 WHERE "users"."id" = $3[0m  [["authentication_token", "C2tDNjscCg4KgMDS5619h1zn"], ["updated_at", "2018-02-22 14:06:51.454070"], ["id", 5]]
  [1m[35m (2.6ms)[0m  [1m[35mCOMMIT[0m
Started GET "/apidoc" for 127.0.0.1 at 2018-02-22 14:08:10 +0000
Processing by GrapeSwaggerRails::ApplicationController#index as HTML
  Rendering /Users/David/.rvm/gems/ruby-2.3.3/gems/grape-swagger-rails-0.3.0/app/views/grape_swagger_rails/application/index.html.erb
  Rendered /Users/David/.rvm/gems/ruby-2.3.3/gems/grape-swagger-rails-0.3.0/app/views/grape_swagger_rails/application/index.html.erb (165.9ms)
Completed 200 OK in 199ms (Views: 186.6ms | ActiveRecord: 0.0ms)


Started GET "/api/swagger_doc" for 127.0.0.1 at 2018-02-22 14:08:11 +0000
Started POST "/api/users/login" for 127.0.0.1 at 2018-02-22 14:08:29 +0000
  [1m[36mUser Load (0.4ms)[0m  [1m[34mSELECT  "users".* FROM "users" WHERE "users"."email" = $1 LIMIT $2[0m  [["email", "test@email.com"], ["LIMIT", 1]]
  [1m[35m (0.2ms)[0m  [1m[35mBEGIN[0m
  [1m[35mSQL (0.5ms)[0m  [1m[33mUPDATE "users" SET "authentication_token" = $1, "updated_at" = $2 WHERE "users"."id" = $3[0m  [["authentication_token", "LwxhxKCWZ8yjSkTUvXkBbhnQ"], ["updated_at", "2018-02-22 14:08:29.594179"], ["id", 5]]
  [1m[35m (2.1ms)[0m  [1m[35mCOMMIT[0m
Started GET "/api/users" for 127.0.0.1 at 2018-02-22 14:08:36 +0000
  [1m[36mUser Load (0.7ms)[0m  [1m[34mSELECT "users".* FROM "users" WHERE "users"."authentication_token" = $1[0m  [["authentication_token", "LwxhxKCWZ8yjSkTUvXkBbhnQ"]]
  [1m[36mUser Load (0.6ms)[0m  [1m[34mSELECT  "users".* FROM "users" WHERE "users"."authentication_token" = $1 ORDER BY "users"."id" ASC LIMIT $2[0m  [["authentication_token", "LwxhxKCWZ8yjSkTUvXkBbhnQ"], ["LIMIT", 1]]
Started GET "/apidoc" for 127.0.0.1 at 2018-02-22 14:09:45 +0000
Processing by GrapeSwaggerRails::ApplicationController#index as HTML
  Rendering /Users/David/.rvm/gems/ruby-2.3.3/gems/grape-swagger-rails-0.3.0/app/views/grape_swagger_rails/application/index.html.erb
  Rendered /Users/David/.rvm/gems/ruby-2.3.3/gems/grape-swagger-rails-0.3.0/app/views/grape_swagger_rails/application/index.html.erb (140.9ms)
Completed 200 OK in 175ms (Views: 166.1ms | ActiveRecord: 0.0ms)


Started GET "/api/swagger_doc" for 127.0.0.1 at 2018-02-22 14:09:46 +0000
Started POST "/api/users/login" for 127.0.0.1 at 2018-02-22 14:10:04 +0000
  [1m[36mUser Load (0.5ms)[0m  [1m[34mSELECT  "users".* FROM "users" WHERE "users"."email" = $1 LIMIT $2[0m  [["email", "test@email.com"], ["LIMIT", 1]]
  [1m[35m (0.2ms)[0m  [1m[35mBEGIN[0m
  [1m[35mSQL (0.7ms)[0m  [1m[33mUPDATE "users" SET "authentication_token" = $1, "updated_at" = $2 WHERE "users"."id" = $3[0m  [["authentication_token", "PQ9pVwQJkGsvhGPgu2Sb8y81"], ["updated_at", "2018-02-22 14:10:04.296422"], ["id", 5]]
  [1m[35m (2.2ms)[0m  [1m[35mCOMMIT[0m
Started PUT "/api/users" for 127.0.0.1 at 2018-02-22 14:10:13 +0000
  [1m[36mUser Load (0.5ms)[0m  [1m[34mSELECT "users".* FROM "users" WHERE "users"."authentication_token" = $1[0m  [["authentication_token", "PQ9pVwQJkGsvhGPgu2Sb8y81"]]
  [1m[36mUser Load (0.5ms)[0m  [1m[34mSELECT  "users".* FROM "users" WHERE "users"."authentication_token" = $1 ORDER BY "users"."id" ASC LIMIT $2[0m  [["authentication_token", "PQ9pVwQJkGsvhGPgu2Sb8y81"], ["LIMIT", 1]]
  [1m[36mUser Load (0.5ms)[0m  [1m[34mSELECT  "users".* FROM "users" WHERE "users"."authentication_token" = $1 ORDER BY "users"."id" DESC LIMIT $2[0m  [["authentication_token", "PQ9pVwQJkGsvhGPgu2Sb8y81"], ["LIMIT", 1]]
  [1m[35m (0.2ms)[0m  [1m[35mBEGIN[0m
  [1m[35mSQL (0.4ms)[0m  [1m[33mUPDATE "users" SET "first_name" = $1, "updated_at" = $2 WHERE "users"."id" = $3[0m  [["first_name", "George"], ["updated_at", "2018-02-22 14:10:13.531258"], ["id", 5]]
  [1m[35m (2.0ms)[0m  [1m[35mCOMMIT[0m
  [1m[36mUser Load (0.5ms)[0m  [1m[34mSELECT  "users".* FROM "users" WHERE "users"."authentication_token" = $1 ORDER BY "users"."id" DESC LIMIT $2[0m  [["authentication_token", "PQ9pVwQJkGsvhGPgu2Sb8y81"], ["LIMIT", 1]]
  [1m[36mTransfer Load (2.8ms)[0m  [1m[34mSELECT  "transfers".* FROM "transfers" ORDER BY "transfers"."id" DESC LIMIT $1[0m  [["LIMIT", 1]]
Started POST "/api/transfers" for 127.0.0.1 at 2018-02-22 14:13:56 +0000
  [1m[36mUser Load (0.6ms)[0m  [1m[34mSELECT "users".* FROM "users" WHERE "users"."authentication_token" = $1[0m  [["authentication_token", "PQ9pVwQJkGsvhGPgu2Sb8y81"]]
  [1m[36mUser Load (0.7ms)[0m  [1m[34mSELECT  "users".* FROM "users" WHERE "users"."authentication_token" = $1 ORDER BY "users"."id" ASC LIMIT $2[0m  [["authentication_token", "PQ9pVwQJkGsvhGPgu2Sb8y81"], ["LIMIT", 1]]
  [1m[36mUser Load (0.8ms)[0m  [1m[34mSELECT  "users".* FROM "users" WHERE "users"."authentication_token" = $1 ORDER BY "users"."id" DESC LIMIT $2[0m  [["authentication_token", "PQ9pVwQJkGsvhGPgu2Sb8y81"], ["LIMIT", 1]]
Started POST "/api/transfers" for 127.0.0.1 at 2018-02-22 14:14:23 +0000
  [1m[36mUser Load (0.4ms)[0m  [1m[34mSELECT "users".* FROM "users" WHERE "users"."authentication_token" = $1[0m  [["authentication_token", "PQ9pVwQJkGsvhGPgu2Sb8y81"]]
  [1m[36mUser Load (0.7ms)[0m  [1m[34mSELECT  "users".* FROM "users" WHERE "users"."authentication_token" = $1 ORDER BY "users"."id" ASC LIMIT $2[0m  [["authentication_token", "PQ9pVwQJkGsvhGPgu2Sb8y81"], ["LIMIT", 1]]
  [1m[36mUser Load (0.4ms)[0m  [1m[34mSELECT  "users".* FROM "users" WHERE "users"."authentication_token" = $1 ORDER BY "users"."id" DESC LIMIT $2[0m  [["authentication_token", "PQ9pVwQJkGsvhGPgu2Sb8y81"], ["LIMIT", 1]]
Started POST "/api/transfers" for 127.0.0.1 at 2018-02-22 14:14:40 +0000
  [1m[36mUser Load (0.4ms)[0m  [1m[34mSELECT "users".* FROM "users" WHERE "users"."authentication_token" = $1[0m  [["authentication_token", "PQ9pVwQJkGsvhGPgu2Sb8y81"]]
  [1m[36mUser Load (0.4ms)[0m  [1m[34mSELECT  "users".* FROM "users" WHERE "users"."authentication_token" = $1 ORDER BY "users"."id" ASC LIMIT $2[0m  [["authentication_token", "PQ9pVwQJkGsvhGPgu2Sb8y81"], ["LIMIT", 1]]
  [1m[36mUser Load (0.4ms)[0m  [1m[34mSELECT  "users".* FROM "users" WHERE "users"."authentication_token" = $1 ORDER BY "users"."id" DESC LIMIT $2[0m  [["authentication_token", "PQ9pVwQJkGsvhGPgu2Sb8y81"], ["LIMIT", 1]]
Started POST "/api/transfers" for 127.0.0.1 at 2018-02-22 14:15:03 +0000
  [1m[36mUser Load (0.6ms)[0m  [1m[34mSELECT "users".* FROM "users" WHERE "users"."authentication_token" = $1[0m  [["authentication_token", "PQ9pVwQJkGsvhGPgu2Sb8y81"]]
  [1m[36mUser Load (1.0ms)[0m  [1m[34mSELECT  "users".* FROM "users" WHERE "users"."authentication_token" = $1 ORDER BY "users"."id" ASC LIMIT $2[0m  [["authentication_token", "PQ9pVwQJkGsvhGPgu2Sb8y81"], ["LIMIT", 1]]
  [1m[36mUser Load (0.7ms)[0m  [1m[34mSELECT  "users".* FROM "users" WHERE "users"."authentication_token" = $1 ORDER BY "users"."id" DESC LIMIT $2[0m  [["authentication_token", "PQ9pVwQJkGsvhGPgu2Sb8y81"], ["LIMIT", 1]]
  [1m[35m (0.2ms)[0m  [1m[35mBEGIN[0m
  [1m[35mSQL (2.9ms)[0m  [1m[32mINSERT INTO "transfers" ("user_id", "account_number_from", "account_number_to", "amount_pennies", "country_code_from", "country_code_to", "created_at", "updated_at") VALUES ($1, $2, $3, $4, $5, $6, $7, $8) RETURNING "id"[0m  [["user_id", 5], ["account_number_from", "123123123123123123"], ["account_number_to", "123123123123123123"], ["amount_pennies", 2], ["country_code_from", "qww"], ["country_code_to", "wee"], ["created_at", "2018-02-22 14:15:03.568372"], ["updated_at", "2018-02-22 14:15:03.568372"]]
  [1m[35m (3.1ms)[0m  [1m[35mCOMMIT[0m
  [1m[36mTransfer Load (0.8ms)[0m  [1m[34mSELECT  "transfers".* FROM "transfers" ORDER BY "transfers"."id" DESC LIMIT $1[0m  [["LIMIT", 1]]
  [1m[36mTransfer Load (2.9ms)[0m  [1m[34mSELECT  "transfers".* FROM "transfers" ORDER BY "transfers"."id" DESC LIMIT $1[0m  [["LIMIT", 1]]
  [1m[36mTransfer Load (0.3ms)[0m  [1m[34mSELECT  "transfers".* FROM "transfers" ORDER BY "transfers"."id" DESC LIMIT $1[0m  [["LIMIT", 1]]
  [1m[36mTransfer Load (0.5ms)[0m  [1m[34mSELECT  "transfers".* FROM "transfers" ORDER BY "transfers"."id" DESC LIMIT $1[0m  [["LIMIT", 1]]
  [1m[35m (0.2ms)[0m  [1m[35mBEGIN[0m
  [1m[36mUser Load (0.4ms)[0m  [1m[34mSELECT  "users".* FROM "users" WHERE "users"."id" = $1 LIMIT $2[0m  [["id", 5], ["LIMIT", 1]]
  [1m[35m (6.0ms)[0m  [1m[31mROLLBACK[0m
  [1m[36mTransfer Load (0.5ms)[0m  [1m[34mSELECT  "transfers".* FROM "transfers" ORDER BY "transfers"."id" DESC LIMIT $1[0m  [["LIMIT", 1]]
  [1m[35m (0.2ms)[0m  [1m[35mBEGIN[0m
  [1m[36mUser Load (0.5ms)[0m  [1m[34mSELECT  "users".* FROM "users" WHERE "users"."id" = $1 LIMIT $2[0m  [["id", 5], ["LIMIT", 1]]
  [1m[35m (0.2ms)[0m  [1m[31mROLLBACK[0m
  [1m[36mTransfer Load (20.0ms)[0m  [1m[34mSELECT  "transfers".* FROM "transfers" ORDER BY "transfers"."id" DESC LIMIT $1[0m  [["LIMIT", 1]]
  [1m[35m (7.7ms)[0m  [1m[35mBEGIN[0m
  [1m[36mUser Load (0.4ms)[0m  [1m[34mSELECT  "users".* FROM "users" WHERE "users"."id" = $1 LIMIT $2[0m  [["id", 5], ["LIMIT", 1]]
  [1m[35mSQL (25.7ms)[0m  [1m[33mUPDATE "transfers" SET "country_code_from" = $1, "updated_at" = $2 WHERE "transfers"."id" = $3[0m  [["country_code_from", "qwe"], ["updated_at", "2018-02-22 14:21:43.460857"], ["id", 1]]
  [1m[35m (25.7ms)[0m  [1m[35mCOMMIT[0m
  [1m[36mTransfer Load (1.0ms)[0m  [1m[34mSELECT  "transfers".* FROM "transfers" ORDER BY "transfers"."id" DESC LIMIT $1[0m  [["LIMIT", 1]]
  [1m[35m (0.2ms)[0m  [1m[35mBEGIN[0m
  [1m[36mUser Load (0.5ms)[0m  [1m[34mSELECT  "users".* FROM "users" WHERE "users"."id" = $1 LIMIT $2[0m  [["id", 5], ["LIMIT", 1]]
  [1m[35m (2.9ms)[0m  [1m[31mROLLBACK[0m
  [1m[36mUser Load (2.4ms)[0m  [1m[34mSELECT  "users".* FROM "users" ORDER BY "users"."id" DESC LIMIT $1[0m  [["LIMIT", 1]]
  [1m[36mUser Load (0.7ms)[0m  [1m[34mSELECT  "users".* FROM "users" ORDER BY "users"."id" DESC LIMIT $1[0m  [["LIMIT", 1]]
  [1m[36mTransfer Load (0.5ms)[0m  [1m[34mSELECT "transfers".* FROM "transfers" WHERE "transfers"."user_id" = $1[0m  [["user_id", 5]]
  [1m[36mUser Load (0.8ms)[0m  [1m[34mSELECT  "users".* FROM "users" ORDER BY "users"."id" DESC LIMIT $1[0m  [["LIMIT", 1]]
Started GET "/apidoc" for 127.0.0.1 at 2018-02-22 14:24:13 +0000
Processing by GrapeSwaggerRails::ApplicationController#index as HTML
  Rendering /Users/David/.rvm/gems/ruby-2.3.3/gems/grape-swagger-rails-0.3.0/app/views/grape_swagger_rails/application/index.html.erb
  Rendered /Users/David/.rvm/gems/ruby-2.3.3/gems/grape-swagger-rails-0.3.0/app/views/grape_swagger_rails/application/index.html.erb (122.3ms)
Completed 200 OK in 160ms (Views: 147.5ms | ActiveRecord: 0.0ms)


Started GET "/api/swagger_doc" for 127.0.0.1 at 2018-02-22 14:24:14 +0000
Started GET "/api/transfers" for 127.0.0.1 at 2018-02-22 14:24:30 +0000
  [1m[36mUser Load (9.2ms)[0m  [1m[34mSELECT  "users".* FROM "users" WHERE "users"."authentication_token" = $1 ORDER BY "users"."id" DESC LIMIT $2[0m  [["authentication_token", "PQ9pVwQJkGsvhGPgu2Sb8y81"], ["LIMIT", 1]]
Started GET "/api/transfers" for 127.0.0.1 at 2018-02-22 14:24:42 +0000
  [1m[36mUser Load (0.4ms)[0m  [1m[34mSELECT  "users".* FROM "users" WHERE "users"."authentication_token" = $1 ORDER BY "users"."id" DESC LIMIT $2[0m  [["authentication_token", "PQ9pVwQJkGsvhGPgu2Sb8y81"], ["LIMIT", 1]]
  [1m[36mTransfer Load (0.3ms)[0m  [1m[34mSELECT "transfers".* FROM "transfers" WHERE "transfers"."user_id" = $1[0m  [["user_id", 5]]
Started GET "/apidoc" for 127.0.0.1 at 2018-02-22 14:26:42 +0000
  
SyntaxError (/Users/David/Desktop/Sample Code/Sample-API/app/api/api/v1/users.rb:97: syntax error, unexpected end-of-input, expecting keyword_end):
  
app/api/api/v1/users.rb:97: syntax error, unexpected end-of-input, expecting keyword_end
app/api/api/v1/base.rb:14:in `<class:Base>'
app/api/api/v1/base.rb:2:in `<module:V1>'
app/api/api/v1/base.rb:1:in `<top (required)>'
app/api/api/base.rb:71:in `<class:Base>'
app/api/api/base.rb:4:in `<module:API>'
app/api/api/base.rb:3:in `<top (required)>'
config/routes.rb:3:in `block in <top (required)>'
config/routes.rb:1:in `<top (required)>'
  Rendering /Users/David/.rvm/gems/ruby-2.3.3/gems/actionpack-5.0.6/lib/action_dispatch/middleware/templates/rescues/diagnostics.html.erb within rescues/layout
  Rendering /Users/David/.rvm/gems/ruby-2.3.3/gems/actionpack-5.0.6/lib/action_dispatch/middleware/templates/rescues/_source.html.erb
  Rendered /Users/David/.rvm/gems/ruby-2.3.3/gems/actionpack-5.0.6/lib/action_dispatch/middleware/templates/rescues/_source.html.erb (5.7ms)
  Rendering /Users/David/.rvm/gems/ruby-2.3.3/gems/actionpack-5.0.6/lib/action_dispatch/middleware/templates/rescues/_trace.html.erb
  Rendered /Users/David/.rvm/gems/ruby-2.3.3/gems/actionpack-5.0.6/lib/action_dispatch/middleware/templates/rescues/_trace.html.erb (3.0ms)
  Rendering /Users/David/.rvm/gems/ruby-2.3.3/gems/actionpack-5.0.6/lib/action_dispatch/middleware/templates/rescues/_request_and_response.html.erb
  Rendered /Users/David/.rvm/gems/ruby-2.3.3/gems/actionpack-5.0.6/lib/action_dispatch/middleware/templates/rescues/_request_and_response.html.erb (1.7ms)
  Rendered /Users/David/.rvm/gems/ruby-2.3.3/gems/actionpack-5.0.6/lib/action_dispatch/middleware/templates/rescues/diagnostics.html.erb within rescues/layout (88.7ms)
Started GET "/apidoc" for 127.0.0.1 at 2018-02-22 14:26:52 +0000
Processing by GrapeSwaggerRails::ApplicationController#index as HTML
  Rendering /Users/David/.rvm/gems/ruby-2.3.3/gems/grape-swagger-rails-0.3.0/app/views/grape_swagger_rails/application/index.html.erb
  Rendered /Users/David/.rvm/gems/ruby-2.3.3/gems/grape-swagger-rails-0.3.0/app/views/grape_swagger_rails/application/index.html.erb (127.4ms)
Completed 200 OK in 159ms (Views: 148.7ms | ActiveRecord: 0.0ms)


Started GET "/api/swagger_doc" for 127.0.0.1 at 2018-02-22 14:26:52 +0000
Started GET "/apidoc" for 127.0.0.1 at 2018-02-22 14:29:32 +0000
Processing by GrapeSwaggerRails::ApplicationController#index as HTML
  Rendering /Users/David/.rvm/gems/ruby-2.3.3/gems/grape-swagger-rails-0.3.0/app/views/grape_swagger_rails/application/index.html.erb
  Rendered /Users/David/.rvm/gems/ruby-2.3.3/gems/grape-swagger-rails-0.3.0/app/views/grape_swagger_rails/application/index.html.erb (117.1ms)
Completed 200 OK in 155ms (Views: 143.4ms | ActiveRecord: 0.0ms)


Started GET "/api/swagger_doc" for 127.0.0.1 at 2018-02-22 14:29:32 +0000
Started GET "/apidoc" for 127.0.0.1 at 2018-02-22 14:34:40 +0000
Processing by GrapeSwaggerRails::ApplicationController#index as HTML
  Rendering /Users/David/.rvm/gems/ruby-2.3.3/gems/grape-swagger-rails-0.3.0/app/views/grape_swagger_rails/application/index.html.erb
  Rendered /Users/David/.rvm/gems/ruby-2.3.3/gems/grape-swagger-rails-0.3.0/app/views/grape_swagger_rails/application/index.html.erb (120.4ms)
Completed 200 OK in 156ms (Views: 144.2ms | ActiveRecord: 0.0ms)


Started GET "/api/swagger_doc" for 127.0.0.1 at 2018-02-22 14:34:41 +0000
Started GET "/apidoc" for 127.0.0.1 at 2018-02-22 14:35:12 +0000
Processing by GrapeSwaggerRails::ApplicationController#index as HTML
  Rendering /Users/David/.rvm/gems/ruby-2.3.3/gems/grape-swagger-rails-0.3.0/app/views/grape_swagger_rails/application/index.html.erb
  Rendered /Users/David/.rvm/gems/ruby-2.3.3/gems/grape-swagger-rails-0.3.0/app/views/grape_swagger_rails/application/index.html.erb (127.7ms)
Completed 200 OK in 161ms (Views: 152.4ms | ActiveRecord: 0.0ms)


Started GET "/api/swagger_doc" for 127.0.0.1 at 2018-02-22 14:35:12 +0000
Started GET "/apidoc" for 127.0.0.1 at 2018-02-22 14:35:29 +0000
Processing by GrapeSwaggerRails::ApplicationController#index as HTML
  Rendering /Users/David/.rvm/gems/ruby-2.3.3/gems/grape-swagger-rails-0.3.0/app/views/grape_swagger_rails/application/index.html.erb
  Rendered /Users/David/.rvm/gems/ruby-2.3.3/gems/grape-swagger-rails-0.3.0/app/views/grape_swagger_rails/application/index.html.erb (155.6ms)
Completed 200 OK in 185ms (Views: 177.4ms | ActiveRecord: 0.0ms)


Started GET "/api/swagger_doc" for 127.0.0.1 at 2018-02-22 14:35:30 +0000
Started GET "/apidoc" for 127.0.0.1 at 2018-02-22 14:35:49 +0000
Processing by GrapeSwaggerRails::ApplicationController#index as HTML
  Rendering /Users/David/.rvm/gems/ruby-2.3.3/gems/grape-swagger-rails-0.3.0/app/views/grape_swagger_rails/application/index.html.erb
  Rendered /Users/David/.rvm/gems/ruby-2.3.3/gems/grape-swagger-rails-0.3.0/app/views/grape_swagger_rails/application/index.html.erb (100.9ms)
Completed 200 OK in 129ms (Views: 120.8ms | ActiveRecord: 0.0ms)


Started GET "/api/swagger_doc" for 127.0.0.1 at 2018-02-22 14:35:49 +0000
Started GET "/apidoc" for 127.0.0.1 at 2018-02-22 14:36:40 +0000
Processing by GrapeSwaggerRails::ApplicationController#index as HTML
  Rendering /Users/David/.rvm/gems/ruby-2.3.3/gems/grape-swagger-rails-0.3.0/app/views/grape_swagger_rails/application/index.html.erb
  Rendered /Users/David/.rvm/gems/ruby-2.3.3/gems/grape-swagger-rails-0.3.0/app/views/grape_swagger_rails/application/index.html.erb (101.8ms)
Completed 200 OK in 129ms (Views: 121.3ms | ActiveRecord: 0.0ms)


Started GET "/api/swagger_doc" for 127.0.0.1 at 2018-02-22 14:36:41 +0000
Started GET "/apidoc" for 127.0.0.1 at 2018-02-22 14:36:50 +0000
Processing by GrapeSwaggerRails::ApplicationController#index as HTML
  Rendering /Users/David/.rvm/gems/ruby-2.3.3/gems/grape-swagger-rails-0.3.0/app/views/grape_swagger_rails/application/index.html.erb
  Rendered /Users/David/.rvm/gems/ruby-2.3.3/gems/grape-swagger-rails-0.3.0/app/views/grape_swagger_rails/application/index.html.erb (33.3ms)
Completed 200 OK in 58ms (Views: 51.9ms | ActiveRecord: 0.0ms)


Started GET "/api/swagger_doc" for 127.0.0.1 at 2018-02-22 14:36:51 +0000
Started GET "/apidoc" for 127.0.0.1 at 2018-02-22 14:37:24 +0000
Processing by GrapeSwaggerRails::ApplicationController#index as HTML
  Rendering /Users/David/.rvm/gems/ruby-2.3.3/gems/grape-swagger-rails-0.3.0/app/views/grape_swagger_rails/application/index.html.erb
  Rendered /Users/David/.rvm/gems/ruby-2.3.3/gems/grape-swagger-rails-0.3.0/app/views/grape_swagger_rails/application/index.html.erb (113.0ms)
Completed 200 OK in 149ms (Views: 140.7ms | ActiveRecord: 0.0ms)


Started GET "/api/swagger_doc" for 127.0.0.1 at 2018-02-22 14:37:25 +0000
Started GET "/apidoc" for 127.0.0.1 at 2018-02-22 14:38:17 +0000
Processing by GrapeSwaggerRails::ApplicationController#index as HTML
  Rendering /Users/David/.rvm/gems/ruby-2.3.3/gems/grape-swagger-rails-0.3.0/app/views/grape_swagger_rails/application/index.html.erb
  Rendered /Users/David/.rvm/gems/ruby-2.3.3/gems/grape-swagger-rails-0.3.0/app/views/grape_swagger_rails/application/index.html.erb (102.6ms)
Completed 200 OK in 191ms (Views: 180.6ms | ActiveRecord: 0.0ms)


Started GET "/api/swagger_doc" for 127.0.0.1 at 2018-02-22 14:38:18 +0000
Started GET "/apidoc" for 127.0.0.1 at 2018-02-22 14:40:30 +0000
Processing by GrapeSwaggerRails::ApplicationController#index as HTML
  Rendering /Users/David/.rvm/gems/ruby-2.3.3/gems/grape-swagger-rails-0.3.0/app/views/grape_swagger_rails/application/index.html.erb
  Rendered /Users/David/.rvm/gems/ruby-2.3.3/gems/grape-swagger-rails-0.3.0/app/views/grape_swagger_rails/application/index.html.erb (110.4ms)
Completed 200 OK in 138ms (Views: 129.5ms | ActiveRecord: 0.0ms)


Started GET "/api/swagger_doc" for 127.0.0.1 at 2018-02-22 14:40:31 +0000
Started GET "/apidoc" for 127.0.0.1 at 2018-02-22 14:41:04 +0000
Processing by GrapeSwaggerRails::ApplicationController#index as HTML
  Rendering /Users/David/.rvm/gems/ruby-2.3.3/gems/grape-swagger-rails-0.3.0/app/views/grape_swagger_rails/application/index.html.erb
  Rendered /Users/David/.rvm/gems/ruby-2.3.3/gems/grape-swagger-rails-0.3.0/app/views/grape_swagger_rails/application/index.html.erb (120.4ms)
Completed 200 OK in 154ms (Views: 140.6ms | ActiveRecord: 0.0ms)


Started GET "/api/swagger_doc" for 127.0.0.1 at 2018-02-22 14:41:04 +0000
  [1m[36mUser Load (38.3ms)[0m  [1m[34mSELECT  "users".* FROM "users" ORDER BY "users"."id" DESC LIMIT $1[0m  [["LIMIT", 1]]
  [1m[36mTransfer Load (3.0ms)[0m  [1m[34mSELECT "transfers".* FROM "transfers" WHERE "transfers"."user_id" = $1[0m  [["user_id", 5]]
Started PUT "/api/users/transfers/1" for 127.0.0.1 at 2018-02-22 14:41:38 +0000
  [1m[36mUser Load (1.6ms)[0m  [1m[34mSELECT  "users".* FROM "users" WHERE "users"."authentication_token" IS NULL ORDER BY "users"."id" DESC LIMIT $1[0m  [["LIMIT", 1]]
Started GET "/apidoc" for 127.0.0.1 at 2018-02-22 14:42:59 +0000
Processing by GrapeSwaggerRails::ApplicationController#index as HTML
  Rendering /Users/David/.rvm/gems/ruby-2.3.3/gems/grape-swagger-rails-0.3.0/app/views/grape_swagger_rails/application/index.html.erb
  Rendered /Users/David/.rvm/gems/ruby-2.3.3/gems/grape-swagger-rails-0.3.0/app/views/grape_swagger_rails/application/index.html.erb (113.0ms)
Completed 200 OK in 141ms (Views: 133.5ms | ActiveRecord: 0.0ms)


Started GET "/api/swagger_doc" for 127.0.0.1 at 2018-02-22 14:42:59 +0000
  [1m[36mUser Load (0.5ms)[0m  [1m[34mSELECT  "users".* FROM "users" ORDER BY "users"."id" DESC LIMIT $1[0m  [["LIMIT", 1]]
Started PUT "/api/users/transfers/1" for 127.0.0.1 at 2018-02-22 14:43:20 +0000
  [1m[36mUser Load (2.6ms)[0m  [1m[34mSELECT  "users".* FROM "users" WHERE "users"."authentication_token" = $1 ORDER BY "users"."id" DESC LIMIT $2[0m  [["authentication_token", "PQ9pVwQJkGsvhGPgu2Sb8y81"], ["LIMIT", 1]]
  [1m[36mTransfer Load (0.4ms)[0m  [1m[34mSELECT "transfers".* FROM "transfers" WHERE "transfers"."user_id" = $1 AND "transfers"."id" IS NULL[0m  [["user_id", 5]]
  [1m[36mUser Load (0.4ms)[0m  [1m[34mSELECT  "users".* FROM "users" ORDER BY "users"."id" DESC LIMIT $1[0m  [["LIMIT", 1]]
  [1m[36mTransfer Load (0.5ms)[0m  [1m[34mSELECT "transfers".* FROM "transfers" WHERE "transfers"."user_id" = $1[0m  [["user_id", 5]]
Started PUT "/api/users/transfers/1" for 127.0.0.1 at 2018-02-22 14:43:47 +0000
  [1m[36mUser Load (0.5ms)[0m  [1m[34mSELECT  "users".* FROM "users" WHERE "users"."authentication_token" = $1 ORDER BY "users"."id" DESC LIMIT $2[0m  [["authentication_token", "PQ9pVwQJkGsvhGPgu2Sb8y81"], ["LIMIT", 1]]
  [1m[36mTransfer Load (0.4ms)[0m  [1m[34mSELECT "transfers".* FROM "transfers" WHERE "transfers"."user_id" = $1 AND "transfers"."id" IS NULL[0m  [["user_id", 5]]
Started PUT "/api/users/transfers/1" for 127.0.0.1 at 2018-02-22 14:44:11 +0000
  [1m[36mUser Load (0.4ms)[0m  [1m[34mSELECT  "users".* FROM "users" WHERE "users"."authentication_token" = $1 ORDER BY "users"."id" DESC LIMIT $2[0m  [["authentication_token", "PQ9pVwQJkGsvhGPgu2Sb8y81"], ["LIMIT", 1]]
  [1m[36mTransfer Load (0.4ms)[0m  [1m[34mSELECT "transfers".* FROM "transfers" WHERE "transfers"."user_id" = $1 AND "transfers"."id" = $2[0m  [["user_id", 5], ["id", 1]]
  [1m[36mCACHE (0.0ms)[0m  [1m[34mSELECT  "users".* FROM "users" WHERE "users"."authentication_token" = $1 ORDER BY "users"."id" DESC LIMIT $2[0m  [["authentication_token", "PQ9pVwQJkGsvhGPgu2Sb8y81"], ["LIMIT", 1]]
  [1m[36mCACHE (0.1ms)[0m  [1m[34mSELECT "transfers".* FROM "transfers" WHERE "transfers"."user_id" = $1 AND "transfers"."id" = $2[0m  [["user_id", 5], ["id", 1]]
  [1m[35m (10.6ms)[0m  [1m[35mBEGIN[0m
  [1m[35m (3.0ms)[0m  [1m[31mROLLBACK[0m
Started PUT "/api/users/transfers/1" for 127.0.0.1 at 2018-02-22 14:44:37 +0000
  [1m[36mUser Load (0.7ms)[0m  [1m[34mSELECT  "users".* FROM "users" WHERE "users"."authentication_token" = $1 ORDER BY "users"."id" DESC LIMIT $2[0m  [["authentication_token", "PQ9pVwQJkGsvhGPgu2Sb8y81"], ["LIMIT", 1]]
  [1m[36mTransfer Load (0.4ms)[0m  [1m[34mSELECT  "transfers".* FROM "transfers" WHERE "transfers"."user_id" = $1 AND "transfers"."id" = $2 LIMIT $3[0m  [["user_id", 5], ["id", 1], ["LIMIT", 1]]
  [1m[35m (0.2ms)[0m  [1m[35mBEGIN[0m
  [1m[35m (0.2ms)[0m  [1m[31mROLLBACK[0m
Started PUT "/api/users/transfers/1" for 127.0.0.1 at 2018-02-22 14:44:52 +0000
  [1m[36mUser Load (0.5ms)[0m  [1m[34mSELECT  "users".* FROM "users" WHERE "users"."authentication_token" = $1 ORDER BY "users"."id" DESC LIMIT $2[0m  [["authentication_token", "PQ9pVwQJkGsvhGPgu2Sb8y81"], ["LIMIT", 1]]
  [1m[36mTransfer Load (0.6ms)[0m  [1m[34mSELECT  "transfers".* FROM "transfers" WHERE "transfers"."user_id" = $1 AND "transfers"."id" = $2 LIMIT $3[0m  [["user_id", 5], ["id", 1], ["LIMIT", 1]]
  [1m[35m (0.2ms)[0m  [1m[35mBEGIN[0m
  [1m[35m (0.3ms)[0m  [1m[31mROLLBACK[0m
Started PUT "/api/users/transfers/1" for 127.0.0.1 at 2018-02-22 14:45:35 +0000
  [1m[36mUser Load (0.6ms)[0m  [1m[34mSELECT  "users".* FROM "users" WHERE "users"."authentication_token" = $1 ORDER BY "users"."id" DESC LIMIT $2[0m  [["authentication_token", "PQ9pVwQJkGsvhGPgu2Sb8y81"], ["LIMIT", 1]]
  [1m[36mTransfer Load (0.4ms)[0m  [1m[34mSELECT  "transfers".* FROM "transfers" WHERE "transfers"."user_id" = $1 AND "transfers"."id" = $2 LIMIT $3[0m  [["user_id", 5], ["id", 1], ["LIMIT", 1]]
  [1m[35m (0.4ms)[0m  [1m[35mBEGIN[0m
  [1m[35mSQL (6.2ms)[0m  [1m[33mUPDATE "transfers" SET "country_code_from" = $1, "country_code_to" = $2, "updated_at" = $3 WHERE "transfers"."id" = $4[0m  [["country_code_from", "AUS"], ["country_code_to", "USA"], ["updated_at", "2018-02-22 14:45:37.673066"], ["id", 1]]
  [1m[35m (3.8ms)[0m  [1m[35mCOMMIT[0m
  [1m[36mUser Load (1.7ms)[0m  [1m[34mSELECT  "users".* FROM "users" ORDER BY "users"."id" DESC LIMIT $1[0m  [["LIMIT", 1]]
Started DELETE "/api/users/transfers/1" for 127.0.0.1 at 2018-02-22 14:46:57 +0000
  [1m[36mUser Load (0.5ms)[0m  [1m[34mSELECT  "users".* FROM "users" WHERE "users"."authentication_token" = $1 ORDER BY "users"."id" DESC LIMIT $2[0m  [["authentication_token", "PQ9pVwQJkGsvhGPgu2Sb8y81"], ["LIMIT", 1]]
  [1m[36mTransfer Load (0.4ms)[0m  [1m[34mSELECT  "transfers".* FROM "transfers" WHERE "transfers"."user_id" = $1 AND "transfers"."id" = $2 LIMIT $3[0m  [["user_id", 5], ["id", 1], ["LIMIT", 1]]
  [1m[35m (0.3ms)[0m  [1m[35mBEGIN[0m
  [1m[35mSQL (2.3ms)[0m  [1m[31mDELETE FROM "transfers" WHERE "transfers"."id" = $1[0m  [["id", 1]]
  [1m[35m (3.4ms)[0m  [1m[35mCOMMIT[0m
  [1m[36mTransfer Load (0.7ms)[0m  [1m[34mSELECT "transfers".* FROM "transfers"[0m
Started GET "/apidoc" for 127.0.0.1 at 2018-02-22 14:47:13 +0000
Processing by GrapeSwaggerRails::ApplicationController#index as HTML
  Rendering /Users/David/.rvm/gems/ruby-2.3.3/gems/grape-swagger-rails-0.3.0/app/views/grape_swagger_rails/application/index.html.erb
  Rendered /Users/David/.rvm/gems/ruby-2.3.3/gems/grape-swagger-rails-0.3.0/app/views/grape_swagger_rails/application/index.html.erb (104.8ms)
Completed 200 OK in 133ms (Views: 123.9ms | ActiveRecord: 0.0ms)


Started GET "/api/swagger_doc" for 127.0.0.1 at 2018-02-22 14:47:14 +0000
Started GET "/apidoc" for 127.0.0.1 at 2018-02-22 14:54:54 +0000
Processing by GrapeSwaggerRails::ApplicationController#index as HTML
  Rendering /Users/David/.rvm/gems/ruby-2.3.3/gems/grape-swagger-rails-0.3.0/app/views/grape_swagger_rails/application/index.html.erb
  Rendered /Users/David/.rvm/gems/ruby-2.3.3/gems/grape-swagger-rails-0.3.0/app/views/grape_swagger_rails/application/index.html.erb (136.2ms)
Completed 200 OK in 181ms (Views: 157.3ms | ActiveRecord: 0.0ms)


Started GET "/api/swagger_doc" for 127.0.0.1 at 2018-02-22 14:54:54 +0000
Started GET "/apidoc" for 127.0.0.1 at 2018-02-22 15:07:19 +0000
Processing by GrapeSwaggerRails::ApplicationController#index as HTML
  Rendering /Users/David/.rvm/gems/ruby-2.3.3/gems/grape-swagger-rails-0.3.0/app/views/grape_swagger_rails/application/index.html.erb
  Rendered /Users/David/.rvm/gems/ruby-2.3.3/gems/grape-swagger-rails-0.3.0/app/views/grape_swagger_rails/application/index.html.erb (111.4ms)
Completed 200 OK in 147ms (Views: 132.3ms | ActiveRecord: 0.0ms)


Started GET "/api/swagger_doc" for 127.0.0.1 at 2018-02-22 15:07:20 +0000
